2019-08-16 15:47:56 | [34mINFO [0;39m | [1;33mrestartedMain[0;39m | [1;32mcom.htf.zdh.ZdhApplication[0;39m | Starting ZdhApplication on USER-20160327TR with PID 7156 (E:\workspace\zdh\target\classes started by Administrator in E:\workspace\zdh)
2019-08-16 15:47:56 | [34mINFO [0;39m | [1;33mrestartedMain[0;39m | [1;32mcom.htf.zdh.ZdhApplication[0;39m | No active profile set, falling back to default profiles: default
2019-08-16 15:47:56 | [34mINFO [0;39m | [1;33mrestartedMain[0;39m | [1;32morg.springframework.boot.devtools.env.DevToolsPropertyDefaultsPostProcessor[0;39m | Devtools property defaults active! Set 'spring.devtools.add-properties' to 'false' to disable
2019-08-16 15:47:56 | [34mINFO [0;39m | [1;33mrestartedMain[0;39m | [1;32morg.springframework.boot.devtools.env.DevToolsPropertyDefaultsPostProcessor[0;39m | For additional web related logging consider setting the 'logging.level.web' property to 'DEBUG'
2019-08-16 15:47:59 | [34mINFO [0;39m | [1;33mrestartedMain[0;39m | [1;32morg.springframework.boot.web.embedded.tomcat.TomcatWebServer[0;39m | Tomcat initialized with port(s): 8888 (http)
2019-08-16 15:47:59 | [34mINFO [0;39m | [1;33mrestartedMain[0;39m | [1;32morg.apache.coyote.http11.Http11NioProtocol[0;39m | Initializing ProtocolHandler ["http-nio-8888"]
2019-08-16 15:47:59 | [34mINFO [0;39m | [1;33mrestartedMain[0;39m | [1;32morg.apache.catalina.core.StandardService[0;39m | Starting service [Tomcat]
2019-08-16 15:47:59 | [34mINFO [0;39m | [1;33mrestartedMain[0;39m | [1;32morg.apache.catalina.core.StandardEngine[0;39m | Starting Servlet engine: [Apache Tomcat/9.0.17]
2019-08-16 15:47:59 | [34mINFO [0;39m | [1;33mrestartedMain[0;39m | [1;32morg.apache.catalina.core.ContainerBase.[Tomcat].[localhost].[/][0;39m | Initializing Spring embedded WebApplicationContext
2019-08-16 15:47:59 | [34mINFO [0;39m | [1;33mrestartedMain[0;39m | [1;32morg.springframework.web.context.ContextLoader[0;39m | Root WebApplicationContext: initialization completed in 3138 ms
2019-08-16 15:48:00 | [34mINFO [0;39m | [1;33mrestartedMain[0;39m | [1;32morg.springframework.scheduling.concurrent.ThreadPoolTaskExecutor[0;39m | Initializing ExecutorService 'applicationTaskExecutor'
2019-08-16 15:48:01 | [34mINFO [0;39m | [1;33mrestartedMain[0;39m | [1;32morg.springframework.boot.devtools.autoconfigure.OptionalLiveReloadServer[0;39m | LiveReload server is running on port 35729
2019-08-16 15:48:01 | [34mINFO [0;39m | [1;33mrestartedMain[0;39m | [1;32morg.apache.coyote.http11.Http11NioProtocol[0;39m | Starting ProtocolHandler ["http-nio-8888"]
2019-08-16 15:48:01 | [34mINFO [0;39m | [1;33mrestartedMain[0;39m | [1;32morg.springframework.boot.web.embedded.tomcat.TomcatWebServer[0;39m | Tomcat started on port(s): 8888 (http) with context path ''
2019-08-16 15:48:01 | [34mINFO [0;39m | [1;33mrestartedMain[0;39m | [1;32mcom.htf.zdh.ZdhApplication[0;39m | Started ZdhApplication in 6.035 seconds (JVM running for 7.16)
2019-08-16 15:48:08 | [34mINFO [0;39m | [1;33mThread-6[0;39m | [1;32morg.springframework.scheduling.concurrent.ThreadPoolTaskExecutor[0;39m | Shutting down ExecutorService 'applicationTaskExecutor'
2019-08-16 15:48:09 | [34mINFO [0;39m | [1;33mrestartedMain[0;39m | [1;32mcom.htf.zdh.ZdhApplication[0;39m | Starting ZdhApplication on USER-20160327TR with PID 7156 (E:\workspace\zdh\target\classes started by Administrator in E:\workspace\zdh)
2019-08-16 15:48:09 | [34mINFO [0;39m | [1;33mrestartedMain[0;39m | [1;32mcom.htf.zdh.ZdhApplication[0;39m | No active profile set, falling back to default profiles: default
2019-08-16 15:48:09 | [34mINFO [0;39m | [1;33mrestartedMain[0;39m | [1;32morg.springframework.boot.web.embedded.tomcat.TomcatWebServer[0;39m | Tomcat initialized with port(s): 8888 (http)
2019-08-16 15:48:09 | [34mINFO [0;39m | [1;33mrestartedMain[0;39m | [1;32morg.apache.coyote.http11.Http11NioProtocol[0;39m | Initializing ProtocolHandler ["http-nio-8888"]
2019-08-16 15:48:09 | [34mINFO [0;39m | [1;33mrestartedMain[0;39m | [1;32morg.apache.catalina.core.StandardService[0;39m | Starting service [Tomcat]
2019-08-16 15:48:09 | [34mINFO [0;39m | [1;33mrestartedMain[0;39m | [1;32morg.apache.catalina.core.StandardEngine[0;39m | Starting Servlet engine: [Apache Tomcat/9.0.17]
2019-08-16 15:48:09 | [34mINFO [0;39m | [1;33mrestartedMain[0;39m | [1;32morg.apache.catalina.core.ContainerBase.[Tomcat].[localhost].[/][0;39m | Initializing Spring embedded WebApplicationContext
2019-08-16 15:48:09 | [34mINFO [0;39m | [1;33mrestartedMain[0;39m | [1;32morg.springframework.web.context.ContextLoader[0;39m | Root WebApplicationContext: initialization completed in 258 ms
2019-08-16 15:48:09 | [34mINFO [0;39m | [1;33mrestartedMain[0;39m | [1;32morg.springframework.scheduling.concurrent.ThreadPoolTaskExecutor[0;39m | Initializing ExecutorService 'applicationTaskExecutor'
2019-08-16 15:48:09 | [34mINFO [0;39m | [1;33mrestartedMain[0;39m | [1;32morg.springframework.boot.devtools.autoconfigure.OptionalLiveReloadServer[0;39m | LiveReload server is running on port 35729
2019-08-16 15:48:09 | [34mINFO [0;39m | [1;33mrestartedMain[0;39m | [1;32morg.apache.coyote.http11.Http11NioProtocol[0;39m | Starting ProtocolHandler ["http-nio-8888"]
2019-08-16 15:48:09 | [34mINFO [0;39m | [1;33mrestartedMain[0;39m | [1;32morg.springframework.boot.web.embedded.tomcat.TomcatWebServer[0;39m | Tomcat started on port(s): 8888 (http) with context path ''
2019-08-16 15:48:09 | [34mINFO [0;39m | [1;33mrestartedMain[0;39m | [1;32mcom.htf.zdh.ZdhApplication[0;39m | Started ZdhApplication in 0.423 seconds (JVM running for 15.535)
2019-08-16 15:48:09 | [34mINFO [0;39m | [1;33mrestartedMain[0;39m | [1;32morg.springframework.boot.devtools.autoconfigure.ConditionEvaluationDeltaLoggingListener[0;39m | Condition evaluation unchanged
2019-08-16 15:50:06 | [34mINFO [0;39m | [1;33mhttp-nio-8888-exec-1[0;39m | [1;32morg.apache.catalina.core.ContainerBase.[Tomcat].[localhost].[/][0;39m | Initializing Spring DispatcherServlet 'dispatcherServlet'
2019-08-16 15:50:06 | [34mINFO [0;39m | [1;33mhttp-nio-8888-exec-1[0;39m | [1;32morg.springframework.web.servlet.DispatcherServlet[0;39m | Initializing Servlet 'dispatcherServlet'
2019-08-16 15:50:06 | [34mINFO [0;39m | [1;33mhttp-nio-8888-exec-1[0;39m | [1;32morg.springframework.web.servlet.DispatcherServlet[0;39m | Completed initialization in 21 ms
2019-08-16 15:50:06 | [34mINFO [0;39m | [1;33mhttp-nio-8888-exec-1[0;39m | [1;32mcom.htf.zdh.service.FileServiceImpl[0;39m | 文件原名是：2018年中秋+国庆值班人员.xlsx
2019-08-16 16:02:08 | [34mINFO [0;39m | [1;33mhttp-nio-8888-exec-4[0;39m | [1;32mcom.htf.zdh.service.FileServiceImpl[0;39m | 文件原名是：867415_1635752_app_20190731_5d1b59f2-26d4-4f37-a0de-46b1993b3967.ipa
2019-08-16 16:02:29 | [34mINFO [0;39m | [1;33mhttp-nio-8888-exec-5[0;39m | [1;32mcom.htf.zdh.service.FileServiceImpl[0;39m | 文件原名是：867415_1635752_app_20190723_96361ac3-d7ab-49f4-93a8-6817ce083974.apk
2019-08-16 17:49:14 | [34mINFO [0;39m | [1;33mRMI TCP Connection(2)-127.0.0.1[0;39m | [1;32morg.springframework.boot.admin.SpringApplicationAdminMXBeanRegistrar$SpringApplicationAdmin[0;39m | Application shutdown requested.
2019-08-16 17:49:14 | [34mINFO [0;39m | [1;33mRMI TCP Connection(2)-127.0.0.1[0;39m | [1;32morg.springframework.scheduling.concurrent.ThreadPoolTaskExecutor[0;39m | Shutting down ExecutorService 'applicationTaskExecutor'
