2019-08-14 08:41:05 | [34mINFO [0;39m | [1;33mrestartedMain[0;39m | [1;32mcom.htf.zdh.ZdhApplication[0;39m | Starting ZdhApplication on USER-20160327TR with PID 6428 (E:\workspace\zdh\target\classes started by Administrator in E:\workspace\zdh)
2019-08-14 08:41:05 | [34mINFO [0;39m | [1;33mrestartedMain[0;39m | [1;32mcom.htf.zdh.ZdhApplication[0;39m | No active profile set, falling back to default profiles: default
2019-08-14 08:41:05 | [34mINFO [0;39m | [1;33mrestartedMain[0;39m | [1;32morg.springframework.boot.devtools.env.DevToolsPropertyDefaultsPostProcessor[0;39m | Devtools property defaults active! Set 'spring.devtools.add-properties' to 'false' to disable
2019-08-14 08:41:05 | [34mINFO [0;39m | [1;33mrestartedMain[0;39m | [1;32morg.springframework.boot.devtools.env.DevToolsPropertyDefaultsPostProcessor[0;39m | For additional web related logging consider setting the 'logging.level.web' property to 'DEBUG'
2019-08-14 08:41:07 | [34mINFO [0;39m | [1;33mrestartedMain[0;39m | [1;32morg.springframework.boot.web.embedded.tomcat.TomcatWebServer[0;39m | Tomcat initialized with port(s): 8888 (http)
2019-08-14 08:41:07 | [34mINFO [0;39m | [1;33mrestartedMain[0;39m | [1;32morg.apache.coyote.http11.Http11NioProtocol[0;39m | Initializing ProtocolHandler ["http-nio-8888"]
2019-08-14 08:41:07 | [34mINFO [0;39m | [1;33mrestartedMain[0;39m | [1;32morg.apache.catalina.core.StandardService[0;39m | Starting service [Tomcat]
2019-08-14 08:41:07 | [34mINFO [0;39m | [1;33mrestartedMain[0;39m | [1;32morg.apache.catalina.core.StandardEngine[0;39m | Starting Servlet engine: [Apache Tomcat/9.0.17]
2019-08-14 08:41:07 | [34mINFO [0;39m | [1;33mrestartedMain[0;39m | [1;32morg.apache.catalina.core.ContainerBase.[Tomcat].[localhost].[/][0;39m | Initializing Spring embedded WebApplicationContext
2019-08-14 08:41:07 | [34mINFO [0;39m | [1;33mrestartedMain[0;39m | [1;32morg.springframework.web.context.ContextLoader[0;39m | Root WebApplicationContext: initialization completed in 1314 ms
2019-08-14 08:41:07 | [34mINFO [0;39m | [1;33mrestartedMain[0;39m | [1;32morg.springframework.scheduling.concurrent.ThreadPoolTaskExecutor[0;39m | Initializing ExecutorService 'applicationTaskExecutor'
2019-08-14 08:41:07 | [34mINFO [0;39m | [1;33mrestartedMain[0;39m | [1;32morg.springframework.boot.devtools.autoconfigure.OptionalLiveReloadServer[0;39m | LiveReload server is running on port 35729
2019-08-14 08:41:07 | [34mINFO [0;39m | [1;33mrestartedMain[0;39m | [1;32morg.apache.coyote.http11.Http11NioProtocol[0;39m | Starting ProtocolHandler ["http-nio-8888"]
2019-08-14 08:41:08 | [34mINFO [0;39m | [1;33mrestartedMain[0;39m | [1;32morg.springframework.boot.web.embedded.tomcat.TomcatWebServer[0;39m | Tomcat started on port(s): 8888 (http) with context path ''
2019-08-14 08:41:08 | [34mINFO [0;39m | [1;33mrestartedMain[0;39m | [1;32mcom.htf.zdh.ZdhApplication[0;39m | Started ZdhApplication in 2.509 seconds (JVM running for 3.26)
2019-08-14 08:41:24 | [34mINFO [0;39m | [1;33mhttp-nio-8888-exec-1[0;39m | [1;32morg.apache.catalina.core.ContainerBase.[Tomcat].[localhost].[/][0;39m | Initializing Spring DispatcherServlet 'dispatcherServlet'
2019-08-14 08:41:24 | [34mINFO [0;39m | [1;33mhttp-nio-8888-exec-1[0;39m | [1;32morg.springframework.web.servlet.DispatcherServlet[0;39m | Initializing Servlet 'dispatcherServlet'
2019-08-14 08:41:24 | [34mINFO [0;39m | [1;33mhttp-nio-8888-exec-1[0;39m | [1;32morg.springframework.web.servlet.DispatcherServlet[0;39m | Completed initialization in 5 ms
2019-08-14 08:41:24 | [34mINFO [0;39m | [1;33mhttp-nio-8888-exec-1[0;39m | [1;32mcom.htf.zdh.service.FileServiceImpl[0;39m | Ë∑ØÂæÑÔºöF:\htf\upload\ss\seleniumpo.txt
2019-08-14 08:42:05 | [34mINFO [0;39m | [1;33mThread-6[0;39m | [1;32morg.springframework.scheduling.concurrent.ThreadPoolTaskExecutor[0;39m | Shutting down ExecutorService 'applicationTaskExecutor'
2019-08-14 08:42:05 | [34mINFO [0;39m | [1;33mrestartedMain[0;39m | [1;32mcom.htf.zdh.ZdhApplication[0;39m | Starting ZdhApplication on USER-20160327TR with PID 6428 (E:\workspace\zdh\target\classes started by Administrator in E:\workspace\zdh)
2019-08-14 08:42:05 | [34mINFO [0;39m | [1;33mrestartedMain[0;39m | [1;32mcom.htf.zdh.ZdhApplication[0;39m | No active profile set, falling back to default profiles: default
2019-08-14 08:42:06 | [34mINFO [0;39m | [1;33mrestartedMain[0;39m | [1;32morg.springframework.boot.web.embedded.tomcat.TomcatWebServer[0;39m | Tomcat initialized with port(s): 8888 (http)
2019-08-14 08:42:06 | [34mINFO [0;39m | [1;33mrestartedMain[0;39m | [1;32morg.apache.coyote.http11.Http11NioProtocol[0;39m | Initializing ProtocolHandler ["http-nio-8888"]
2019-08-14 08:42:06 | [34mINFO [0;39m | [1;33mrestartedMain[0;39m | [1;32morg.apache.catalina.core.StandardService[0;39m | Starting service [Tomcat]
2019-08-14 08:42:06 | [34mINFO [0;39m | [1;33mrestartedMain[0;39m | [1;32morg.apache.catalina.core.StandardEngine[0;39m | Starting Servlet engine: [Apache Tomcat/9.0.17]
2019-08-14 08:42:06 | [34mINFO [0;39m | [1;33mrestartedMain[0;39m | [1;32morg.apache.catalina.core.ContainerBase.[Tomcat].[localhost].[/][0;39m | Initializing Spring embedded WebApplicationContext
2019-08-14 08:42:06 | [34mINFO [0;39m | [1;33mrestartedMain[0;39m | [1;32morg.springframework.web.context.ContextLoader[0;39m | Root WebApplicationContext: initialization completed in 308 ms
2019-08-14 08:42:06 | [34mINFO [0;39m | [1;33mrestartedMain[0;39m | [1;32morg.springframework.scheduling.concurrent.ThreadPoolTaskExecutor[0;39m | Initializing ExecutorService 'applicationTaskExecutor'
2019-08-14 08:42:06 | [34mINFO [0;39m | [1;33mrestartedMain[0;39m | [1;32morg.springframework.boot.devtools.autoconfigure.OptionalLiveReloadServer[0;39m | LiveReload server is running on port 35729
2019-08-14 08:42:06 | [34mINFO [0;39m | [1;33mrestartedMain[0;39m | [1;32morg.apache.coyote.http11.Http11NioProtocol[0;39m | Starting ProtocolHandler ["http-nio-8888"]
2019-08-14 08:42:06 | [34mINFO [0;39m | [1;33mrestartedMain[0;39m | [1;32morg.springframework.boot.web.embedded.tomcat.TomcatWebServer[0;39m | Tomcat started on port(s): 8888 (http) with context path ''
2019-08-14 08:42:06 | [34mINFO [0;39m | [1;33mrestartedMain[0;39m | [1;32mcom.htf.zdh.ZdhApplication[0;39m | Started ZdhApplication in 0.53 seconds (JVM running for 61.448)
2019-08-14 08:42:06 | [34mINFO [0;39m | [1;33mrestartedMain[0;39m | [1;32morg.springframework.boot.devtools.autoconfigure.ConditionEvaluationDeltaLoggingListener[0;39m | Condition evaluation unchanged
2019-08-14 08:42:08 | [34mINFO [0;39m | [1;33mRMI TCP Connection(2)-127.0.0.1[0;39m | [1;32morg.springframework.boot.admin.SpringApplicationAdminMXBeanRegistrar$SpringApplicationAdmin[0;39m | Application shutdown requested.
2019-08-14 08:42:08 | [34mINFO [0;39m | [1;33mRMI TCP Connection(2)-127.0.0.1[0;39m | [1;32morg.springframework.scheduling.concurrent.ThreadPoolTaskExecutor[0;39m | Shutting down ExecutorService 'applicationTaskExecutor'
2019-08-14 08:48:00 | [34mINFO [0;39m | [1;33mrestartedMain[0;39m | [1;32mcom.htf.zdh.ZdhApplication[0;39m | Starting ZdhApplication on USER-20160327TR with PID 1100 (E:\workspace\zdh\target\classes started by Administrator in E:\workspace\zdh)
2019-08-14 08:48:00 | [34mINFO [0;39m | [1;33mrestartedMain[0;39m | [1;32mcom.htf.zdh.ZdhApplication[0;39m | No active profile set, falling back to default profiles: default
2019-08-14 08:48:00 | [34mINFO [0;39m | [1;33mrestartedMain[0;39m | [1;32morg.springframework.boot.devtools.env.DevToolsPropertyDefaultsPostProcessor[0;39m | Devtools property defaults active! Set 'spring.devtools.add-properties' to 'false' to disable
2019-08-14 08:48:00 | [34mINFO [0;39m | [1;33mrestartedMain[0;39m | [1;32morg.springframework.boot.devtools.env.DevToolsPropertyDefaultsPostProcessor[0;39m | For additional web related logging consider setting the 'logging.level.web' property to 'DEBUG'
2019-08-14 08:48:01 | [34mINFO [0;39m | [1;33mrestartedMain[0;39m | [1;32morg.springframework.boot.web.embedded.tomcat.TomcatWebServer[0;39m | Tomcat initialized with port(s): 8888 (http)
2019-08-14 08:48:01 | [34mINFO [0;39m | [1;33mrestartedMain[0;39m | [1;32morg.apache.coyote.http11.Http11NioProtocol[0;39m | Initializing ProtocolHandler ["http-nio-8888"]
2019-08-14 08:48:01 | [34mINFO [0;39m | [1;33mrestartedMain[0;39m | [1;32morg.apache.catalina.core.StandardService[0;39m | Starting service [Tomcat]
2019-08-14 08:48:01 | [34mINFO [0;39m | [1;33mrestartedMain[0;39m | [1;32morg.apache.catalina.core.StandardEngine[0;39m | Starting Servlet engine: [Apache Tomcat/9.0.17]
2019-08-14 08:48:01 | [34mINFO [0;39m | [1;33mrestartedMain[0;39m | [1;32morg.apache.catalina.core.ContainerBase.[Tomcat].[localhost].[/][0;39m | Initializing Spring embedded WebApplicationContext
2019-08-14 08:48:01 | [34mINFO [0;39m | [1;33mrestartedMain[0;39m | [1;32morg.springframework.web.context.ContextLoader[0;39m | Root WebApplicationContext: initialization completed in 1170 ms
2019-08-14 08:48:01 | [34mINFO [0;39m | [1;33mrestartedMain[0;39m | [1;32morg.springframework.scheduling.concurrent.ThreadPoolTaskExecutor[0;39m | Initializing ExecutorService 'applicationTaskExecutor'
2019-08-14 08:48:02 | [34mINFO [0;39m | [1;33mrestartedMain[0;39m | [1;32morg.springframework.boot.devtools.autoconfigure.OptionalLiveReloadServer[0;39m | LiveReload server is running on port 35729
2019-08-14 08:48:02 | [34mINFO [0;39m | [1;33mrestartedMain[0;39m | [1;32morg.apache.coyote.http11.Http11NioProtocol[0;39m | Starting ProtocolHandler ["http-nio-8888"]
2019-08-14 08:48:02 | [34mINFO [0;39m | [1;33mrestartedMain[0;39m | [1;32morg.springframework.boot.web.embedded.tomcat.TomcatWebServer[0;39m | Tomcat started on port(s): 8888 (http) with context path ''
2019-08-14 08:48:02 | [34mINFO [0;39m | [1;33mrestartedMain[0;39m | [1;32mcom.htf.zdh.ZdhApplication[0;39m | Started ZdhApplication in 2.052 seconds (JVM running for 2.764)
2019-08-14 08:48:09 | [34mINFO [0;39m | [1;33mhttp-nio-8888-exec-1[0;39m | [1;32morg.apache.catalina.core.ContainerBase.[Tomcat].[localhost].[/][0;39m | Initializing Spring DispatcherServlet 'dispatcherServlet'
2019-08-14 08:48:09 | [34mINFO [0;39m | [1;33mhttp-nio-8888-exec-1[0;39m | [1;32morg.springframework.web.servlet.DispatcherServlet[0;39m | Initializing Servlet 'dispatcherServlet'
2019-08-14 08:48:09 | [34mINFO [0;39m | [1;33mhttp-nio-8888-exec-1[0;39m | [1;32morg.springframework.web.servlet.DispatcherServlet[0;39m | Completed initialization in 7 ms
2019-08-14 08:48:09 | [34mINFO [0;39m | [1;33mhttp-nio-8888-exec-1[0;39m | [1;32mcom.htf.zdh.service.FileServiceImpl[0;39m | Ë∑ØÂæÑÔºöF:\htf\upload\ss\seleniumpo.txt
2019-08-14 08:48:09 | [34mINFO [0;39m | [1;33mhttp-nio-8888-exec-1[0;39m | [1;32mcom.htf.zdh.service.FileServiceImpl[0;39m | ‰∏ä‰º†ÊàêÂäü
2019-08-14 08:49:26 | [34mINFO [0;39m | [1;33mThread-6[0;39m | [1;32morg.springframework.scheduling.concurrent.ThreadPoolTaskExecutor[0;39m | Shutting down ExecutorService 'applicationTaskExecutor'
2019-08-14 08:49:27 | [34mINFO [0;39m | [1;33mrestartedMain[0;39m | [1;32mcom.htf.zdh.ZdhApplication[0;39m | Starting ZdhApplication on USER-20160327TR with PID 1100 (E:\workspace\zdh\target\classes started by Administrator in E:\workspace\zdh)
2019-08-14 08:49:27 | [34mINFO [0;39m | [1;33mrestartedMain[0;39m | [1;32mcom.htf.zdh.ZdhApplication[0;39m | No active profile set, falling back to default profiles: default
2019-08-14 08:49:27 | [34mINFO [0;39m | [1;33mrestartedMain[0;39m | [1;32morg.springframework.boot.web.embedded.tomcat.TomcatWebServer[0;39m | Tomcat initialized with port(s): 8888 (http)
2019-08-14 08:49:27 | [34mINFO [0;39m | [1;33mrestartedMain[0;39m | [1;32morg.apache.coyote.http11.Http11NioProtocol[0;39m | Initializing ProtocolHandler ["http-nio-8888"]
2019-08-14 08:49:27 | [34mINFO [0;39m | [1;33mrestartedMain[0;39m | [1;32morg.apache.catalina.core.StandardService[0;39m | Starting service [Tomcat]
2019-08-14 08:49:27 | [34mINFO [0;39m | [1;33mrestartedMain[0;39m | [1;32morg.apache.catalina.core.StandardEngine[0;39m | Starting Servlet engine: [Apache Tomcat/9.0.17]
2019-08-14 08:49:27 | [34mINFO [0;39m | [1;33mrestartedMain[0;39m | [1;32morg.apache.catalina.core.ContainerBase.[Tomcat].[localhost].[/][0;39m | Initializing Spring embedded WebApplicationContext
2019-08-14 08:49:27 | [34mINFO [0;39m | [1;33mrestartedMain[0;39m | [1;32morg.springframework.web.context.ContextLoader[0;39m | Root WebApplicationContext: initialization completed in 257 ms
2019-08-14 08:49:27 | [34mINFO [0;39m | [1;33mrestartedMain[0;39m | [1;32morg.springframework.scheduling.concurrent.ThreadPoolTaskExecutor[0;39m | Initializing ExecutorService 'applicationTaskExecutor'
2019-08-14 08:49:27 | [34mINFO [0;39m | [1;33mrestartedMain[0;39m | [1;32morg.springframework.boot.devtools.autoconfigure.OptionalLiveReloadServer[0;39m | LiveReload server is running on port 35729
2019-08-14 08:49:27 | [34mINFO [0;39m | [1;33mrestartedMain[0;39m | [1;32morg.apache.coyote.http11.Http11NioProtocol[0;39m | Starting ProtocolHandler ["http-nio-8888"]
2019-08-14 08:49:27 | [34mINFO [0;39m | [1;33mrestartedMain[0;39m | [1;32morg.springframework.boot.web.embedded.tomcat.TomcatWebServer[0;39m | Tomcat started on port(s): 8888 (http) with context path ''
2019-08-14 08:49:27 | [34mINFO [0;39m | [1;33mrestartedMain[0;39m | [1;32mcom.htf.zdh.ZdhApplication[0;39m | Started ZdhApplication in 0.412 seconds (JVM running for 87.974)
2019-08-14 08:49:27 | [34mINFO [0;39m | [1;33mrestartedMain[0;39m | [1;32morg.springframework.boot.devtools.autoconfigure.ConditionEvaluationDeltaLoggingListener[0;39m | Condition evaluation unchanged
2019-08-14 08:49:28 | [34mINFO [0;39m | [1;33mRMI TCP Connection(2)-127.0.0.1[0;39m | [1;32morg.springframework.boot.admin.SpringApplicationAdminMXBeanRegistrar$SpringApplicationAdmin[0;39m | Application shutdown requested.
2019-08-14 08:49:28 | [34mINFO [0;39m | [1;33mRMI TCP Connection(2)-127.0.0.1[0;39m | [1;32morg.springframework.scheduling.concurrent.ThreadPoolTaskExecutor[0;39m | Shutting down ExecutorService 'applicationTaskExecutor'
2019-08-14 08:50:14 | [34mINFO [0;39m | [1;33mrestartedMain[0;39m | [1;32mcom.htf.zdh.ZdhApplication[0;39m | Starting ZdhApplication on USER-20160327TR with PID 6176 (E:\workspace\zdh\target\classes started by Administrator in E:\workspace\zdh)
2019-08-14 08:50:14 | [34mINFO [0;39m | [1;33mrestartedMain[0;39m | [1;32mcom.htf.zdh.ZdhApplication[0;39m | No active profile set, falling back to default profiles: default
2019-08-14 08:50:14 | [34mINFO [0;39m | [1;33mrestartedMain[0;39m | [1;32morg.springframework.boot.devtools.env.DevToolsPropertyDefaultsPostProcessor[0;39m | Devtools property defaults active! Set 'spring.devtools.add-properties' to 'false' to disable
2019-08-14 08:50:14 | [34mINFO [0;39m | [1;33mrestartedMain[0;39m | [1;32morg.springframework.boot.devtools.env.DevToolsPropertyDefaultsPostProcessor[0;39m | For additional web related logging consider setting the 'logging.level.web' property to 'DEBUG'
2019-08-14 08:50:15 | [34mINFO [0;39m | [1;33mrestartedMain[0;39m | [1;32morg.springframework.boot.web.embedded.tomcat.TomcatWebServer[0;39m | Tomcat initialized with port(s): 8888 (http)
2019-08-14 08:50:15 | [34mINFO [0;39m | [1;33mrestartedMain[0;39m | [1;32morg.apache.coyote.http11.Http11NioProtocol[0;39m | Initializing ProtocolHandler ["http-nio-8888"]
2019-08-14 08:50:15 | [34mINFO [0;39m | [1;33mrestartedMain[0;39m | [1;32morg.apache.catalina.core.StandardService[0;39m | Starting service [Tomcat]
2019-08-14 08:50:15 | [34mINFO [0;39m | [1;33mrestartedMain[0;39m | [1;32morg.apache.catalina.core.StandardEngine[0;39m | Starting Servlet engine: [Apache Tomcat/9.0.17]
2019-08-14 08:50:15 | [34mINFO [0;39m | [1;33mrestartedMain[0;39m | [1;32morg.apache.catalina.core.ContainerBase.[Tomcat].[localhost].[/][0;39m | Initializing Spring embedded WebApplicationContext
2019-08-14 08:50:15 | [34mINFO [0;39m | [1;33mrestartedMain[0;39m | [1;32morg.springframework.web.context.ContextLoader[0;39m | Root WebApplicationContext: initialization completed in 1220 ms
2019-08-14 08:50:16 | [34mINFO [0;39m | [1;33mrestartedMain[0;39m | [1;32morg.springframework.scheduling.concurrent.ThreadPoolTaskExecutor[0;39m | Initializing ExecutorService 'applicationTaskExecutor'
2019-08-14 08:50:16 | [34mINFO [0;39m | [1;33mrestartedMain[0;39m | [1;32morg.springframework.boot.devtools.autoconfigure.OptionalLiveReloadServer[0;39m | LiveReload server is running on port 35729
2019-08-14 08:50:16 | [34mINFO [0;39m | [1;33mrestartedMain[0;39m | [1;32morg.apache.coyote.http11.Http11NioProtocol[0;39m | Starting ProtocolHandler ["http-nio-8888"]
2019-08-14 08:50:16 | [34mINFO [0;39m | [1;33mrestartedMain[0;39m | [1;32morg.springframework.boot.web.embedded.tomcat.TomcatWebServer[0;39m | Tomcat started on port(s): 8888 (http) with context path ''
2019-08-14 08:50:16 | [34mINFO [0;39m | [1;33mrestartedMain[0;39m | [1;32mcom.htf.zdh.ZdhApplication[0;39m | Started ZdhApplication in 2.22 seconds (JVM running for 3.092)
2019-08-14 08:50:26 | [34mINFO [0;39m | [1;33mhttp-nio-8888-exec-1[0;39m | [1;32morg.apache.catalina.core.ContainerBase.[Tomcat].[localhost].[/][0;39m | Initializing Spring DispatcherServlet 'dispatcherServlet'
2019-08-14 08:50:26 | [34mINFO [0;39m | [1;33mhttp-nio-8888-exec-1[0;39m | [1;32morg.springframework.web.servlet.DispatcherServlet[0;39m | Initializing Servlet 'dispatcherServlet'
2019-08-14 08:50:26 | [34mINFO [0;39m | [1;33mhttp-nio-8888-exec-1[0;39m | [1;32morg.springframework.web.servlet.DispatcherServlet[0;39m | Completed initialization in 6 ms
2019-08-14 08:50:40 | [34mINFO [0;39m | [1;33mThread-6[0;39m | [1;32morg.springframework.scheduling.concurrent.ThreadPoolTaskExecutor[0;39m | Shutting down ExecutorService 'applicationTaskExecutor'
2019-08-14 08:50:40 | [34mINFO [0;39m | [1;33mrestartedMain[0;39m | [1;32mcom.htf.zdh.ZdhApplication[0;39m | Starting ZdhApplication on USER-20160327TR with PID 6176 (E:\workspace\zdh\target\classes started by Administrator in E:\workspace\zdh)
2019-08-14 08:50:40 | [34mINFO [0;39m | [1;33mrestartedMain[0;39m | [1;32mcom.htf.zdh.ZdhApplication[0;39m | No active profile set, falling back to default profiles: default
2019-08-14 08:50:40 | [34mINFO [0;39m | [1;33mrestartedMain[0;39m | [1;32morg.springframework.boot.web.embedded.tomcat.TomcatWebServer[0;39m | Tomcat initialized with port(s): 8888 (http)
2019-08-14 08:50:40 | [34mINFO [0;39m | [1;33mrestartedMain[0;39m | [1;32morg.apache.coyote.http11.Http11NioProtocol[0;39m | Initializing ProtocolHandler ["http-nio-8888"]
2019-08-14 08:50:40 | [34mINFO [0;39m | [1;33mrestartedMain[0;39m | [1;32morg.apache.catalina.core.StandardService[0;39m | Starting service [Tomcat]
2019-08-14 08:50:40 | [34mINFO [0;39m | [1;33mrestartedMain[0;39m | [1;32morg.apache.catalina.core.StandardEngine[0;39m | Starting Servlet engine: [Apache Tomcat/9.0.17]
2019-08-14 08:50:40 | [34mINFO [0;39m | [1;33mrestartedMain[0;39m | [1;32morg.apache.catalina.core.ContainerBase.[Tomcat].[localhost].[/][0;39m | Initializing Spring embedded WebApplicationContext
2019-08-14 08:50:40 | [34mINFO [0;39m | [1;33mrestartedMain[0;39m | [1;32morg.springframework.web.context.ContextLoader[0;39m | Root WebApplicationContext: initialization completed in 326 ms
2019-08-14 08:50:40 | [34mINFO [0;39m | [1;33mrestartedMain[0;39m | [1;32morg.springframework.scheduling.concurrent.ThreadPoolTaskExecutor[0;39m | Initializing ExecutorService 'applicationTaskExecutor'
2019-08-14 08:50:41 | [34mINFO [0;39m | [1;33mrestartedMain[0;39m | [1;32morg.springframework.boot.devtools.autoconfigure.OptionalLiveReloadServer[0;39m | LiveReload server is running on port 35729
2019-08-14 08:50:41 | [34mINFO [0;39m | [1;33mrestartedMain[0;39m | [1;32morg.apache.coyote.http11.Http11NioProtocol[0;39m | Starting ProtocolHandler ["http-nio-8888"]
2019-08-14 08:50:41 | [34mINFO [0;39m | [1;33mrestartedMain[0;39m | [1;32morg.springframework.boot.web.embedded.tomcat.TomcatWebServer[0;39m | Tomcat started on port(s): 8888 (http) with context path ''
2019-08-14 08:50:41 | [34mINFO [0;39m | [1;33mrestartedMain[0;39m | [1;32mcom.htf.zdh.ZdhApplication[0;39m | Started ZdhApplication in 0.504 seconds (JVM running for 27.823)
2019-08-14 08:50:41 | [34mINFO [0;39m | [1;33mrestartedMain[0;39m | [1;32morg.springframework.boot.devtools.autoconfigure.ConditionEvaluationDeltaLoggingListener[0;39m | Condition evaluation unchanged
2019-08-14 08:50:44 | [34mINFO [0;39m | [1;33mhttp-nio-8888-exec-1[0;39m | [1;32morg.apache.catalina.core.ContainerBase.[Tomcat].[localhost].[/][0;39m | Initializing Spring DispatcherServlet 'dispatcherServlet'
2019-08-14 08:50:44 | [34mINFO [0;39m | [1;33mhttp-nio-8888-exec-1[0;39m | [1;32morg.springframework.web.servlet.DispatcherServlet[0;39m | Initializing Servlet 'dispatcherServlet'
2019-08-14 08:50:44 | [34mINFO [0;39m | [1;33mhttp-nio-8888-exec-1[0;39m | [1;32morg.springframework.web.servlet.DispatcherServlet[0;39m | Completed initialization in 8 ms
2019-08-14 08:50:56 | [34mINFO [0;39m | [1;33mhttp-nio-8888-exec-2[0;39m | [1;32mcom.htf.zdh.service.FileServiceImpl[0;39m | ‰∏ä‰º†ÊàêÂäü
2019-08-14 08:52:36 | [34mINFO [0;39m | [1;33mThread-10[0;39m | [1;32morg.springframework.scheduling.concurrent.ThreadPoolTaskExecutor[0;39m | Shutting down ExecutorService 'applicationTaskExecutor'
2019-08-14 08:52:36 | [34mINFO [0;39m | [1;33mrestartedMain[0;39m | [1;32mcom.htf.zdh.ZdhApplication[0;39m | Starting ZdhApplication on USER-20160327TR with PID 6176 (E:\workspace\zdh\target\classes started by Administrator in E:\workspace\zdh)
2019-08-14 08:52:36 | [34mINFO [0;39m | [1;33mrestartedMain[0;39m | [1;32mcom.htf.zdh.ZdhApplication[0;39m | No active profile set, falling back to default profiles: default
2019-08-14 08:52:36 | [34mINFO [0;39m | [1;33mrestartedMain[0;39m | [1;32morg.springframework.boot.web.embedded.tomcat.TomcatWebServer[0;39m | Tomcat initialized with port(s): 8888 (http)
2019-08-14 08:52:36 | [34mINFO [0;39m | [1;33mrestartedMain[0;39m | [1;32morg.apache.coyote.http11.Http11NioProtocol[0;39m | Initializing ProtocolHandler ["http-nio-8888"]
2019-08-14 08:52:36 | [34mINFO [0;39m | [1;33mrestartedMain[0;39m | [1;32morg.apache.catalina.core.StandardService[0;39m | Starting service [Tomcat]
2019-08-14 08:52:36 | [34mINFO [0;39m | [1;33mrestartedMain[0;39m | [1;32morg.apache.catalina.core.StandardEngine[0;39m | Starting Servlet engine: [Apache Tomcat/9.0.17]
2019-08-14 08:52:36 | [34mINFO [0;39m | [1;33mrestartedMain[0;39m | [1;32morg.apache.catalina.core.ContainerBase.[Tomcat].[localhost].[/][0;39m | Initializing Spring embedded WebApplicationContext
2019-08-14 08:52:36 | [34mINFO [0;39m | [1;33mrestartedMain[0;39m | [1;32morg.springframework.web.context.ContextLoader[0;39m | Root WebApplicationContext: initialization completed in 318 ms
2019-08-14 08:52:36 | [34mINFO [0;39m | [1;33mrestartedMain[0;39m | [1;32morg.springframework.scheduling.concurrent.ThreadPoolTaskExecutor[0;39m | Initializing ExecutorService 'applicationTaskExecutor'
2019-08-14 08:52:37 | [34mINFO [0;39m | [1;33mrestartedMain[0;39m | [1;32morg.springframework.boot.devtools.autoconfigure.OptionalLiveReloadServer[0;39m | LiveReload server is running on port 35729
2019-08-14 08:52:37 | [34mINFO [0;39m | [1;33mrestartedMain[0;39m | [1;32morg.apache.coyote.http11.Http11NioProtocol[0;39m | Starting ProtocolHandler ["http-nio-8888"]
2019-08-14 08:52:37 | [34mINFO [0;39m | [1;33mrestartedMain[0;39m | [1;32morg.springframework.boot.web.embedded.tomcat.TomcatWebServer[0;39m | Tomcat started on port(s): 8888 (http) with context path ''
2019-08-14 08:52:37 | [34mINFO [0;39m | [1;33mrestartedMain[0;39m | [1;32mcom.htf.zdh.ZdhApplication[0;39m | Started ZdhApplication in 0.477 seconds (JVM running for 143.804)
2019-08-14 08:52:37 | [34mINFO [0;39m | [1;33mrestartedMain[0;39m | [1;32morg.springframework.boot.devtools.autoconfigure.ConditionEvaluationDeltaLoggingListener[0;39m | Condition evaluation unchanged
2019-08-14 08:52:38 | [34mINFO [0;39m | [1;33mRMI TCP Connection(2)-127.0.0.1[0;39m | [1;32morg.springframework.boot.admin.SpringApplicationAdminMXBeanRegistrar$SpringApplicationAdmin[0;39m | Application shutdown requested.
2019-08-14 08:52:38 | [34mINFO [0;39m | [1;33mRMI TCP Connection(2)-127.0.0.1[0;39m | [1;32morg.springframework.scheduling.concurrent.ThreadPoolTaskExecutor[0;39m | Shutting down ExecutorService 'applicationTaskExecutor'
2019-08-14 08:53:47 | [34mINFO [0;39m | [1;33mrestartedMain[0;39m | [1;32mcom.htf.zdh.ZdhApplication[0;39m | Starting ZdhApplication on USER-20160327TR with PID 3604 (E:\workspace\zdh\target\classes started by Administrator in E:\workspace\zdh)
2019-08-14 08:53:47 | [34mINFO [0;39m | [1;33mrestartedMain[0;39m | [1;32mcom.htf.zdh.ZdhApplication[0;39m | No active profile set, falling back to default profiles: default
2019-08-14 08:53:47 | [34mINFO [0;39m | [1;33mrestartedMain[0;39m | [1;32morg.springframework.boot.devtools.env.DevToolsPropertyDefaultsPostProcessor[0;39m | Devtools property defaults active! Set 'spring.devtools.add-properties' to 'false' to disable
2019-08-14 08:53:47 | [34mINFO [0;39m | [1;33mrestartedMain[0;39m | [1;32morg.springframework.boot.devtools.env.DevToolsPropertyDefaultsPostProcessor[0;39m | For additional web related logging consider setting the 'logging.level.web' property to 'DEBUG'
2019-08-14 08:53:48 | [34mINFO [0;39m | [1;33mrestartedMain[0;39m | [1;32morg.springframework.boot.web.embedded.tomcat.TomcatWebServer[0;39m | Tomcat initialized with port(s): 8888 (http)
2019-08-14 08:53:48 | [34mINFO [0;39m | [1;33mrestartedMain[0;39m | [1;32morg.apache.coyote.http11.Http11NioProtocol[0;39m | Initializing ProtocolHandler ["http-nio-8888"]
2019-08-14 08:53:48 | [34mINFO [0;39m | [1;33mrestartedMain[0;39m | [1;32morg.apache.catalina.core.StandardService[0;39m | Starting service [Tomcat]
2019-08-14 08:53:48 | [34mINFO [0;39m | [1;33mrestartedMain[0;39m | [1;32morg.apache.catalina.core.StandardEngine[0;39m | Starting Servlet engine: [Apache Tomcat/9.0.17]
2019-08-14 08:53:48 | [34mINFO [0;39m | [1;33mrestartedMain[0;39m | [1;32morg.apache.catalina.core.ContainerBase.[Tomcat].[localhost].[/][0;39m | Initializing Spring embedded WebApplicationContext
2019-08-14 08:53:48 | [34mINFO [0;39m | [1;33mrestartedMain[0;39m | [1;32morg.springframework.web.context.ContextLoader[0;39m | Root WebApplicationContext: initialization completed in 1172 ms
2019-08-14 08:53:48 | [34mINFO [0;39m | [1;33mrestartedMain[0;39m | [1;32morg.springframework.scheduling.concurrent.ThreadPoolTaskExecutor[0;39m | Initializing ExecutorService 'applicationTaskExecutor'
2019-08-14 08:53:48 | [34mINFO [0;39m | [1;33mrestartedMain[0;39m | [1;32morg.springframework.boot.devtools.autoconfigure.OptionalLiveReloadServer[0;39m | LiveReload server is running on port 35729
2019-08-14 08:53:48 | [34mINFO [0;39m | [1;33mrestartedMain[0;39m | [1;32morg.apache.coyote.http11.Http11NioProtocol[0;39m | Starting ProtocolHandler ["http-nio-8888"]
2019-08-14 08:53:48 | [34mINFO [0;39m | [1;33mrestartedMain[0;39m | [1;32morg.springframework.boot.web.embedded.tomcat.TomcatWebServer[0;39m | Tomcat started on port(s): 8888 (http) with context path ''
2019-08-14 08:53:48 | [34mINFO [0;39m | [1;33mrestartedMain[0;39m | [1;32mcom.htf.zdh.ZdhApplication[0;39m | Started ZdhApplication in 2.041 seconds (JVM running for 2.813)
2019-08-14 08:53:58 | [34mINFO [0;39m | [1;33mhttp-nio-8888-exec-1[0;39m | [1;32morg.apache.catalina.core.ContainerBase.[Tomcat].[localhost].[/][0;39m | Initializing Spring DispatcherServlet 'dispatcherServlet'
2019-08-14 08:53:58 | [34mINFO [0;39m | [1;33mhttp-nio-8888-exec-1[0;39m | [1;32morg.springframework.web.servlet.DispatcherServlet[0;39m | Initializing Servlet 'dispatcherServlet'
2019-08-14 08:53:58 | [34mINFO [0;39m | [1;33mhttp-nio-8888-exec-1[0;39m | [1;32morg.springframework.web.servlet.DispatcherServlet[0;39m | Completed initialization in 5 ms
2019-08-14 08:55:49 | [34mINFO [0;39m | [1;33mThread-6[0;39m | [1;32morg.springframework.scheduling.concurrent.ThreadPoolTaskExecutor[0;39m | Shutting down ExecutorService 'applicationTaskExecutor'
2019-08-14 08:55:49 | [34mINFO [0;39m | [1;33mrestartedMain[0;39m | [1;32mcom.htf.zdh.ZdhApplication[0;39m | Starting ZdhApplication on USER-20160327TR with PID 3604 (E:\workspace\zdh\target\classes started by Administrator in E:\workspace\zdh)
2019-08-14 08:55:49 | [34mINFO [0;39m | [1;33mrestartedMain[0;39m | [1;32mcom.htf.zdh.ZdhApplication[0;39m | No active profile set, falling back to default profiles: default
2019-08-14 08:55:50 | [34mINFO [0;39m | [1;33mrestartedMain[0;39m | [1;32morg.springframework.boot.web.embedded.tomcat.TomcatWebServer[0;39m | Tomcat initialized with port(s): 8888 (http)
2019-08-14 08:55:50 | [34mINFO [0;39m | [1;33mrestartedMain[0;39m | [1;32morg.apache.coyote.http11.Http11NioProtocol[0;39m | Initializing ProtocolHandler ["http-nio-8888"]
2019-08-14 08:55:50 | [34mINFO [0;39m | [1;33mrestartedMain[0;39m | [1;32morg.apache.catalina.core.StandardService[0;39m | Starting service [Tomcat]
2019-08-14 08:55:50 | [34mINFO [0;39m | [1;33mrestartedMain[0;39m | [1;32morg.apache.catalina.core.StandardEngine[0;39m | Starting Servlet engine: [Apache Tomcat/9.0.17]
2019-08-14 08:55:50 | [34mINFO [0;39m | [1;33mrestartedMain[0;39m | [1;32morg.apache.catalina.core.ContainerBase.[Tomcat].[localhost].[/][0;39m | Initializing Spring embedded WebApplicationContext
2019-08-14 08:55:50 | [34mINFO [0;39m | [1;33mrestartedMain[0;39m | [1;32morg.springframework.web.context.ContextLoader[0;39m | Root WebApplicationContext: initialization completed in 393 ms
2019-08-14 08:55:50 | [34mINFO [0;39m | [1;33mrestartedMain[0;39m | [1;32morg.springframework.scheduling.concurrent.ThreadPoolTaskExecutor[0;39m | Initializing ExecutorService 'applicationTaskExecutor'
2019-08-14 08:55:50 | [34mINFO [0;39m | [1;33mrestartedMain[0;39m | [1;32morg.springframework.boot.devtools.autoconfigure.OptionalLiveReloadServer[0;39m | LiveReload server is running on port 35729
2019-08-14 08:55:50 | [34mINFO [0;39m | [1;33mrestartedMain[0;39m | [1;32morg.apache.coyote.http11.Http11NioProtocol[0;39m | Starting ProtocolHandler ["http-nio-8888"]
2019-08-14 08:55:50 | [34mINFO [0;39m | [1;33mrestartedMain[0;39m | [1;32morg.springframework.boot.web.embedded.tomcat.TomcatWebServer[0;39m | Tomcat started on port(s): 8888 (http) with context path ''
2019-08-14 08:55:50 | [34mINFO [0;39m | [1;33mrestartedMain[0;39m | [1;32mcom.htf.zdh.ZdhApplication[0;39m | Started ZdhApplication in 0.589 seconds (JVM running for 124.086)
2019-08-14 08:55:50 | [34mINFO [0;39m | [1;33mrestartedMain[0;39m | [1;32morg.springframework.boot.devtools.autoconfigure.ConditionEvaluationDeltaLoggingListener[0;39m | Condition evaluation unchanged
2019-08-14 08:55:58 | [34mINFO [0;39m | [1;33mThread-10[0;39m | [1;32morg.springframework.scheduling.concurrent.ThreadPoolTaskExecutor[0;39m | Shutting down ExecutorService 'applicationTaskExecutor'
2019-08-14 08:55:59 | [34mINFO [0;39m | [1;33mrestartedMain[0;39m | [1;32mcom.htf.zdh.ZdhApplication[0;39m | Starting ZdhApplication on USER-20160327TR with PID 3604 (E:\workspace\zdh\target\classes started by Administrator in E:\workspace\zdh)
2019-08-14 08:55:59 | [34mINFO [0;39m | [1;33mrestartedMain[0;39m | [1;32mcom.htf.zdh.ZdhApplication[0;39m | No active profile set, falling back to default profiles: default
2019-08-14 08:55:59 | [34mINFO [0;39m | [1;33mrestartedMain[0;39m | [1;32morg.springframework.boot.web.embedded.tomcat.TomcatWebServer[0;39m | Tomcat initialized with port(s): 8888 (http)
2019-08-14 08:55:59 | [34mINFO [0;39m | [1;33mrestartedMain[0;39m | [1;32morg.apache.coyote.http11.Http11NioProtocol[0;39m | Initializing ProtocolHandler ["http-nio-8888"]
2019-08-14 08:55:59 | [34mINFO [0;39m | [1;33mrestartedMain[0;39m | [1;32morg.apache.catalina.core.StandardService[0;39m | Starting service [Tomcat]
2019-08-14 08:55:59 | [34mINFO [0;39m | [1;33mrestartedMain[0;39m | [1;32morg.apache.catalina.core.StandardEngine[0;39m | Starting Servlet engine: [Apache Tomcat/9.0.17]
2019-08-14 08:55:59 | [34mINFO [0;39m | [1;33mrestartedMain[0;39m | [1;32morg.apache.catalina.core.ContainerBase.[Tomcat].[localhost].[/][0;39m | Initializing Spring embedded WebApplicationContext
2019-08-14 08:55:59 | [34mINFO [0;39m | [1;33mrestartedMain[0;39m | [1;32morg.springframework.web.context.ContextLoader[0;39m | Root WebApplicationContext: initialization completed in 402 ms
2019-08-14 08:55:59 | [34mINFO [0;39m | [1;33mrestartedMain[0;39m | [1;32morg.apache.catalina.core.StandardService[0;39m | Stopping service [Tomcat]
2019-08-14 08:55:59 | [34mINFO [0;39m | [1;33mrestartedMain[0;39m | [1;32morg.springframework.boot.autoconfigure.logging.ConditionEvaluationReportLoggingListener[0;39m | 

Error starting ApplicationContext. To display the conditions report re-run your application with 'debug' enabled.
2019-08-14 09:05:21 | [34mINFO [0;39m | [1;33mrestartedMain[0;39m | [1;32mcom.htf.zdh.ZdhApplication[0;39m | Starting ZdhApplication on USER-20160327TR with PID 5776 (E:\workspace\zdh\target\classes started by Administrator in E:\workspace\zdh)
2019-08-14 09:05:21 | [34mINFO [0;39m | [1;33mrestartedMain[0;39m | [1;32mcom.htf.zdh.ZdhApplication[0;39m | No active profile set, falling back to default profiles: default
2019-08-14 09:05:21 | [34mINFO [0;39m | [1;33mrestartedMain[0;39m | [1;32morg.springframework.boot.devtools.env.DevToolsPropertyDefaultsPostProcessor[0;39m | Devtools property defaults active! Set 'spring.devtools.add-properties' to 'false' to disable
2019-08-14 09:05:21 | [34mINFO [0;39m | [1;33mrestartedMain[0;39m | [1;32morg.springframework.boot.devtools.env.DevToolsPropertyDefaultsPostProcessor[0;39m | For additional web related logging consider setting the 'logging.level.web' property to 'DEBUG'
2019-08-14 09:05:22 | [34mINFO [0;39m | [1;33mrestartedMain[0;39m | [1;32morg.springframework.boot.web.embedded.tomcat.TomcatWebServer[0;39m | Tomcat initialized with port(s): 8888 (http)
2019-08-14 09:05:22 | [34mINFO [0;39m | [1;33mrestartedMain[0;39m | [1;32morg.apache.coyote.http11.Http11NioProtocol[0;39m | Initializing ProtocolHandler ["http-nio-8888"]
2019-08-14 09:05:22 | [34mINFO [0;39m | [1;33mrestartedMain[0;39m | [1;32morg.apache.catalina.core.StandardService[0;39m | Starting service [Tomcat]
2019-08-14 09:05:22 | [34mINFO [0;39m | [1;33mrestartedMain[0;39m | [1;32morg.apache.catalina.core.StandardEngine[0;39m | Starting Servlet engine: [Apache Tomcat/9.0.17]
2019-08-14 09:05:23 | [34mINFO [0;39m | [1;33mrestartedMain[0;39m | [1;32morg.apache.catalina.core.ContainerBase.[Tomcat].[localhost].[/][0;39m | Initializing Spring embedded WebApplicationContext
2019-08-14 09:05:23 | [34mINFO [0;39m | [1;33mrestartedMain[0;39m | [1;32morg.springframework.web.context.ContextLoader[0;39m | Root WebApplicationContext: initialization completed in 1239 ms
2019-08-14 09:05:23 | [34mINFO [0;39m | [1;33mrestartedMain[0;39m | [1;32morg.springframework.scheduling.concurrent.ThreadPoolTaskExecutor[0;39m | Initializing ExecutorService 'applicationTaskExecutor'
2019-08-14 09:05:23 | [34mINFO [0;39m | [1;33mrestartedMain[0;39m | [1;32morg.springframework.boot.devtools.autoconfigure.OptionalLiveReloadServer[0;39m | LiveReload server is running on port 35729
2019-08-14 09:05:23 | [34mINFO [0;39m | [1;33mrestartedMain[0;39m | [1;32morg.apache.coyote.http11.Http11NioProtocol[0;39m | Starting ProtocolHandler ["http-nio-8888"]
2019-08-14 09:05:23 | [34mINFO [0;39m | [1;33mrestartedMain[0;39m | [1;32morg.springframework.boot.web.embedded.tomcat.TomcatWebServer[0;39m | Tomcat started on port(s): 8888 (http) with context path ''
2019-08-14 09:05:23 | [34mINFO [0;39m | [1;33mrestartedMain[0;39m | [1;32mcom.htf.zdh.ZdhApplication[0;39m | Started ZdhApplication in 2.08 seconds (JVM running for 2.812)
2019-08-14 09:05:36 | [34mINFO [0;39m | [1;33mhttp-nio-8888-exec-1[0;39m | [1;32morg.apache.catalina.core.ContainerBase.[Tomcat].[localhost].[/][0;39m | Initializing Spring DispatcherServlet 'dispatcherServlet'
2019-08-14 09:05:36 | [34mINFO [0;39m | [1;33mhttp-nio-8888-exec-1[0;39m | [1;32morg.springframework.web.servlet.DispatcherServlet[0;39m | Initializing Servlet 'dispatcherServlet'
2019-08-14 09:05:36 | [34mINFO [0;39m | [1;33mhttp-nio-8888-exec-1[0;39m | [1;32morg.springframework.web.servlet.DispatcherServlet[0;39m | Completed initialization in 5 ms
2019-08-14 09:07:39 | [34mINFO [0;39m | [1;33mhttp-nio-8888-exec-4[0;39m | [1;32mcom.htf.zdh.service.FileServiceImpl[0;39m | ‰∏ä‰º†ÊàêÂäü
2019-08-14 09:26:42 | [34mINFO [0;39m | [1;33mRMI TCP Connection(2)-127.0.0.1[0;39m | [1;32morg.springframework.boot.admin.SpringApplicationAdminMXBeanRegistrar$SpringApplicationAdmin[0;39m | Application shutdown requested.
2019-08-14 09:26:42 | [34mINFO [0;39m | [1;33mRMI TCP Connection(2)-127.0.0.1[0;39m | [1;32morg.springframework.scheduling.concurrent.ThreadPoolTaskExecutor[0;39m | Shutting down ExecutorService 'applicationTaskExecutor'
2019-08-14 09:48:31 | [34mINFO [0;39m | [1;33mrestartedMain[0;39m | [1;32mcom.htf.zdh.ZdhApplication[0;39m | Starting ZdhApplication on USER-20160327TR with PID 6204 (E:\workspace\zdh\target\classes started by Administrator in E:\workspace\zdh)
2019-08-14 09:48:31 | [34mINFO [0;39m | [1;33mrestartedMain[0;39m | [1;32mcom.htf.zdh.ZdhApplication[0;39m | No active profile set, falling back to default profiles: default
2019-08-14 09:48:31 | [34mINFO [0;39m | [1;33mrestartedMain[0;39m | [1;32morg.springframework.boot.devtools.env.DevToolsPropertyDefaultsPostProcessor[0;39m | Devtools property defaults active! Set 'spring.devtools.add-properties' to 'false' to disable
2019-08-14 09:48:31 | [34mINFO [0;39m | [1;33mrestartedMain[0;39m | [1;32morg.springframework.boot.devtools.env.DevToolsPropertyDefaultsPostProcessor[0;39m | For additional web related logging consider setting the 'logging.level.web' property to 'DEBUG'
2019-08-14 09:48:32 | [34mINFO [0;39m | [1;33mrestartedMain[0;39m | [1;32morg.springframework.boot.web.embedded.tomcat.TomcatWebServer[0;39m | Tomcat initialized with port(s): 8888 (http)
2019-08-14 09:48:32 | [34mINFO [0;39m | [1;33mrestartedMain[0;39m | [1;32morg.apache.coyote.http11.Http11NioProtocol[0;39m | Initializing ProtocolHandler ["http-nio-8888"]
2019-08-14 09:48:32 | [34mINFO [0;39m | [1;33mrestartedMain[0;39m | [1;32morg.apache.catalina.core.StandardService[0;39m | Starting service [Tomcat]
2019-08-14 09:48:32 | [34mINFO [0;39m | [1;33mrestartedMain[0;39m | [1;32morg.apache.catalina.core.StandardEngine[0;39m | Starting Servlet engine: [Apache Tomcat/9.0.17]
2019-08-14 09:48:33 | [34mINFO [0;39m | [1;33mrestartedMain[0;39m | [1;32morg.apache.catalina.core.ContainerBase.[Tomcat].[localhost].[/][0;39m | Initializing Spring embedded WebApplicationContext
2019-08-14 09:48:33 | [34mINFO [0;39m | [1;33mrestartedMain[0;39m | [1;32morg.springframework.web.context.ContextLoader[0;39m | Root WebApplicationContext: initialization completed in 1155 ms
2019-08-14 09:48:33 | [34mINFO [0;39m | [1;33mrestartedMain[0;39m | [1;32morg.springframework.scheduling.concurrent.ThreadPoolTaskExecutor[0;39m | Initializing ExecutorService 'applicationTaskExecutor'
2019-08-14 09:48:33 | [34mINFO [0;39m | [1;33mrestartedMain[0;39m | [1;32morg.springframework.boot.devtools.autoconfigure.OptionalLiveReloadServer[0;39m | LiveReload server is running on port 35729
2019-08-14 09:48:33 | [34mINFO [0;39m | [1;33mrestartedMain[0;39m | [1;32morg.apache.coyote.http11.Http11NioProtocol[0;39m | Starting ProtocolHandler ["http-nio-8888"]
2019-08-14 09:48:33 | [34mINFO [0;39m | [1;33mrestartedMain[0;39m | [1;32morg.springframework.boot.web.embedded.tomcat.TomcatWebServer[0;39m | Tomcat started on port(s): 8888 (http) with context path ''
2019-08-14 09:48:33 | [34mINFO [0;39m | [1;33mrestartedMain[0;39m | [1;32mcom.htf.zdh.ZdhApplication[0;39m | Started ZdhApplication in 2.021 seconds (JVM running for 2.811)
2019-08-14 09:48:40 | [34mINFO [0;39m | [1;33mhttp-nio-8888-exec-2[0;39m | [1;32morg.apache.catalina.core.ContainerBase.[Tomcat].[localhost].[/][0;39m | Initializing Spring DispatcherServlet 'dispatcherServlet'
2019-08-14 09:48:40 | [34mINFO [0;39m | [1;33mhttp-nio-8888-exec-2[0;39m | [1;32morg.springframework.web.servlet.DispatcherServlet[0;39m | Initializing Servlet 'dispatcherServlet'
2019-08-14 09:48:40 | [34mINFO [0;39m | [1;33mhttp-nio-8888-exec-2[0;39m | [1;32morg.springframework.web.servlet.DispatcherServlet[0;39m | Completed initialization in 3 ms
2019-08-14 09:49:29 | [34mINFO [0;39m | [1;33mRMI TCP Connection(2)-127.0.0.1[0;39m | [1;32morg.springframework.boot.admin.SpringApplicationAdminMXBeanRegistrar$SpringApplicationAdmin[0;39m | Application shutdown requested.
2019-08-14 09:49:29 | [34mINFO [0;39m | [1;33mRMI TCP Connection(2)-127.0.0.1[0;39m | [1;32morg.springframework.scheduling.concurrent.ThreadPoolTaskExecutor[0;39m | Shutting down ExecutorService 'applicationTaskExecutor'
2019-08-14 09:51:16 | [34mINFO [0;39m | [1;33mrestartedMain[0;39m | [1;32mcom.htf.zdh.ZdhApplication[0;39m | Starting ZdhApplication on USER-20160327TR with PID 6620 (E:\workspace\zdh\target\classes started by Administrator in E:\workspace\zdh)
2019-08-14 09:51:16 | [34mINFO [0;39m | [1;33mrestartedMain[0;39m | [1;32mcom.htf.zdh.ZdhApplication[0;39m | No active profile set, falling back to default profiles: default
2019-08-14 09:51:16 | [34mINFO [0;39m | [1;33mrestartedMain[0;39m | [1;32morg.springframework.boot.devtools.env.DevToolsPropertyDefaultsPostProcessor[0;39m | Devtools property defaults active! Set 'spring.devtools.add-properties' to 'false' to disable
2019-08-14 09:51:16 | [34mINFO [0;39m | [1;33mrestartedMain[0;39m | [1;32morg.springframework.boot.devtools.env.DevToolsPropertyDefaultsPostProcessor[0;39m | For additional web related logging consider setting the 'logging.level.web' property to 'DEBUG'
2019-08-14 09:51:17 | [34mINFO [0;39m | [1;33mrestartedMain[0;39m | [1;32morg.springframework.boot.web.embedded.tomcat.TomcatWebServer[0;39m | Tomcat initialized with port(s): 8888 (http)
2019-08-14 09:51:17 | [34mINFO [0;39m | [1;33mrestartedMain[0;39m | [1;32morg.apache.coyote.http11.Http11NioProtocol[0;39m | Initializing ProtocolHandler ["http-nio-8888"]
2019-08-14 09:51:17 | [34mINFO [0;39m | [1;33mrestartedMain[0;39m | [1;32morg.apache.catalina.core.StandardService[0;39m | Starting service [Tomcat]
2019-08-14 09:51:17 | [34mINFO [0;39m | [1;33mrestartedMain[0;39m | [1;32morg.apache.catalina.core.StandardEngine[0;39m | Starting Servlet engine: [Apache Tomcat/9.0.17]
2019-08-14 09:51:17 | [34mINFO [0;39m | [1;33mrestartedMain[0;39m | [1;32morg.apache.catalina.core.ContainerBase.[Tomcat].[localhost].[/][0;39m | Initializing Spring embedded WebApplicationContext
2019-08-14 09:51:17 | [34mINFO [0;39m | [1;33mrestartedMain[0;39m | [1;32morg.springframework.web.context.ContextLoader[0;39m | Root WebApplicationContext: initialization completed in 1166 ms
2019-08-14 09:51:17 | [34mINFO [0;39m | [1;33mrestartedMain[0;39m | [1;32morg.springframework.scheduling.concurrent.ThreadPoolTaskExecutor[0;39m | Initializing ExecutorService 'applicationTaskExecutor'
2019-08-14 09:51:17 | [34mINFO [0;39m | [1;33mrestartedMain[0;39m | [1;32morg.springframework.boot.devtools.autoconfigure.OptionalLiveReloadServer[0;39m | LiveReload server is running on port 35729
2019-08-14 09:51:17 | [34mINFO [0;39m | [1;33mrestartedMain[0;39m | [1;32morg.apache.coyote.http11.Http11NioProtocol[0;39m | Starting ProtocolHandler ["http-nio-8888"]
2019-08-14 09:51:17 | [34mINFO [0;39m | [1;33mrestartedMain[0;39m | [1;32morg.springframework.boot.web.embedded.tomcat.TomcatWebServer[0;39m | Tomcat started on port(s): 8888 (http) with context path ''
2019-08-14 09:51:17 | [34mINFO [0;39m | [1;33mrestartedMain[0;39m | [1;32mcom.htf.zdh.ZdhApplication[0;39m | Started ZdhApplication in 2.026 seconds (JVM running for 2.776)
2019-08-14 09:54:32 | [34mINFO [0;39m | [1;33mhttp-nio-8888-exec-1[0;39m | [1;32morg.apache.catalina.core.ContainerBase.[Tomcat].[localhost].[/][0;39m | Initializing Spring DispatcherServlet 'dispatcherServlet'
2019-08-14 09:54:32 | [34mINFO [0;39m | [1;33mhttp-nio-8888-exec-1[0;39m | [1;32morg.springframework.web.servlet.DispatcherServlet[0;39m | Initializing Servlet 'dispatcherServlet'
2019-08-14 09:54:32 | [34mINFO [0;39m | [1;33mhttp-nio-8888-exec-1[0;39m | [1;32morg.springframework.web.servlet.DispatcherServlet[0;39m | Completed initialization in 7 ms
2019-08-14 09:54:33 | [34mINFO [0;39m | [1;33mhttp-nio-8888-exec-1[0;39m | [1;32mcom.htf.zdh.service.FileServiceImpl[0;39m | ‰∏ä‰º†ÊàêÂäü
2019-08-14 09:55:21 | [34mINFO [0;39m | [1;33mhttp-nio-8888-exec-3[0;39m | [1;32mcom.htf.zdh.service.FileServiceImpl[0;39m | ‰∏ä‰º†ÊàêÂäü
2019-08-14 09:55:49 | [34mINFO [0;39m | [1;33mhttp-nio-8888-exec-4[0;39m | [1;32mcom.htf.zdh.service.FileServiceImpl[0;39m | ‰∏ä‰º†ÊàêÂäü
2019-08-14 10:00:22 | [34mINFO [0;39m | [1;33mhttp-nio-8888-exec-6[0;39m | [1;32mcom.htf.zdh.service.FileServiceImpl[0;39m | ‰∏ä‰º†ÊàêÂäü
2019-08-14 10:00:43 | [34mINFO [0;39m | [1;33mhttp-nio-8888-exec-7[0;39m | [1;32mcom.htf.zdh.service.FileServiceImpl[0;39m | ‰∏ä‰º†ÊàêÂäü
2019-08-14 10:01:12 | [34mINFO [0;39m | [1;33mhttp-nio-8888-exec-8[0;39m | [1;32mcom.htf.zdh.service.FileServiceImpl[0;39m | ‰∏ä‰º†ÊàêÂäü
2019-08-14 10:03:58 | [34mINFO [0;39m | [1;33mThread-6[0;39m | [1;32morg.springframework.scheduling.concurrent.ThreadPoolTaskExecutor[0;39m | Shutting down ExecutorService 'applicationTaskExecutor'
2019-08-14 10:03:58 | [34mINFO [0;39m | [1;33mrestartedMain[0;39m | [1;32mcom.htf.zdh.ZdhApplication[0;39m | Starting ZdhApplication on USER-20160327TR with PID 6620 (E:\workspace\zdh\target\classes started by Administrator in E:\workspace\zdh)
2019-08-14 10:03:58 | [34mINFO [0;39m | [1;33mrestartedMain[0;39m | [1;32mcom.htf.zdh.ZdhApplication[0;39m | No active profile set, falling back to default profiles: default
2019-08-14 10:03:59 | [34mINFO [0;39m | [1;33mrestartedMain[0;39m | [1;32morg.springframework.boot.web.embedded.tomcat.TomcatWebServer[0;39m | Tomcat initialized with port(s): 8888 (http)
2019-08-14 10:03:59 | [34mINFO [0;39m | [1;33mrestartedMain[0;39m | [1;32morg.apache.coyote.http11.Http11NioProtocol[0;39m | Initializing ProtocolHandler ["http-nio-8888"]
2019-08-14 10:03:59 | [34mINFO [0;39m | [1;33mrestartedMain[0;39m | [1;32morg.apache.catalina.core.StandardService[0;39m | Starting service [Tomcat]
2019-08-14 10:03:59 | [34mINFO [0;39m | [1;33mrestartedMain[0;39m | [1;32morg.apache.catalina.core.StandardEngine[0;39m | Starting Servlet engine: [Apache Tomcat/9.0.17]
2019-08-14 10:03:59 | [34mINFO [0;39m | [1;33mrestartedMain[0;39m | [1;32morg.apache.catalina.core.ContainerBase.[Tomcat].[localhost].[/][0;39m | Initializing Spring embedded WebApplicationContext
2019-08-14 10:03:59 | [34mINFO [0;39m | [1;33mrestartedMain[0;39m | [1;32morg.springframework.web.context.ContextLoader[0;39m | Root WebApplicationContext: initialization completed in 247 ms
2019-08-14 10:03:59 | [34mINFO [0;39m | [1;33mrestartedMain[0;39m | [1;32morg.springframework.scheduling.concurrent.ThreadPoolTaskExecutor[0;39m | Initializing ExecutorService 'applicationTaskExecutor'
2019-08-14 10:03:59 | [34mINFO [0;39m | [1;33mrestartedMain[0;39m | [1;32morg.springframework.boot.devtools.autoconfigure.OptionalLiveReloadServer[0;39m | LiveReload server is running on port 35729
2019-08-14 10:03:59 | [34mINFO [0;39m | [1;33mrestartedMain[0;39m | [1;32morg.apache.coyote.http11.Http11NioProtocol[0;39m | Starting ProtocolHandler ["http-nio-8888"]
2019-08-14 10:03:59 | [34mINFO [0;39m | [1;33mrestartedMain[0;39m | [1;32morg.springframework.boot.web.embedded.tomcat.TomcatWebServer[0;39m | Tomcat started on port(s): 8888 (http) with context path ''
2019-08-14 10:03:59 | [34mINFO [0;39m | [1;33mrestartedMain[0;39m | [1;32mcom.htf.zdh.ZdhApplication[0;39m | Started ZdhApplication in 0.401 seconds (JVM running for 763.994)
2019-08-14 10:03:59 | [34mINFO [0;39m | [1;33mrestartedMain[0;39m | [1;32morg.springframework.boot.devtools.autoconfigure.ConditionEvaluationDeltaLoggingListener[0;39m | Condition evaluation unchanged
2019-08-14 10:04:18 | [34mINFO [0;39m | [1;33mThread-10[0;39m | [1;32morg.springframework.scheduling.concurrent.ThreadPoolTaskExecutor[0;39m | Shutting down ExecutorService 'applicationTaskExecutor'
2019-08-14 10:04:19 | [34mINFO [0;39m | [1;33mrestartedMain[0;39m | [1;32mcom.htf.zdh.ZdhApplication[0;39m | Starting ZdhApplication on USER-20160327TR with PID 6620 (E:\workspace\zdh\target\classes started by Administrator in E:\workspace\zdh)
2019-08-14 10:04:19 | [34mINFO [0;39m | [1;33mrestartedMain[0;39m | [1;32mcom.htf.zdh.ZdhApplication[0;39m | No active profile set, falling back to default profiles: default
2019-08-14 10:04:19 | [34mINFO [0;39m | [1;33mrestartedMain[0;39m | [1;32morg.springframework.boot.web.embedded.tomcat.TomcatWebServer[0;39m | Tomcat initialized with port(s): 8888 (http)
2019-08-14 10:04:19 | [34mINFO [0;39m | [1;33mrestartedMain[0;39m | [1;32morg.apache.coyote.http11.Http11NioProtocol[0;39m | Initializing ProtocolHandler ["http-nio-8888"]
2019-08-14 10:04:19 | [34mINFO [0;39m | [1;33mrestartedMain[0;39m | [1;32morg.apache.catalina.core.StandardService[0;39m | Starting service [Tomcat]
2019-08-14 10:04:19 | [34mINFO [0;39m | [1;33mrestartedMain[0;39m | [1;32morg.apache.catalina.core.StandardEngine[0;39m | Starting Servlet engine: [Apache Tomcat/9.0.17]
2019-08-14 10:04:19 | [34mINFO [0;39m | [1;33mrestartedMain[0;39m | [1;32morg.apache.catalina.core.ContainerBase.[Tomcat].[localhost].[/][0;39m | Initializing Spring embedded WebApplicationContext
2019-08-14 10:04:19 | [34mINFO [0;39m | [1;33mrestartedMain[0;39m | [1;32morg.springframework.web.context.ContextLoader[0;39m | Root WebApplicationContext: initialization completed in 220 ms
2019-08-14 10:04:19 | [34mINFO [0;39m | [1;33mrestartedMain[0;39m | [1;32morg.springframework.scheduling.concurrent.ThreadPoolTaskExecutor[0;39m | Initializing ExecutorService 'applicationTaskExecutor'
2019-08-14 10:04:19 | [34mINFO [0;39m | [1;33mrestartedMain[0;39m | [1;32morg.springframework.boot.devtools.autoconfigure.OptionalLiveReloadServer[0;39m | LiveReload server is running on port 35729
2019-08-14 10:04:19 | [34mINFO [0;39m | [1;33mrestartedMain[0;39m | [1;32morg.apache.coyote.http11.Http11NioProtocol[0;39m | Starting ProtocolHandler ["http-nio-8888"]
2019-08-14 10:04:19 | [34mINFO [0;39m | [1;33mrestartedMain[0;39m | [1;32morg.springframework.boot.web.embedded.tomcat.TomcatWebServer[0;39m | Tomcat started on port(s): 8888 (http) with context path ''
2019-08-14 10:04:19 | [34mINFO [0;39m | [1;33mrestartedMain[0;39m | [1;32mcom.htf.zdh.ZdhApplication[0;39m | Started ZdhApplication in 0.36 seconds (JVM running for 784.528)
2019-08-14 10:04:19 | [34mINFO [0;39m | [1;33mrestartedMain[0;39m | [1;32morg.springframework.boot.devtools.autoconfigure.ConditionEvaluationDeltaLoggingListener[0;39m | Condition evaluation unchanged
2019-08-14 10:04:20 | [34mINFO [0;39m | [1;33mRMI TCP Connection(2)-127.0.0.1[0;39m | [1;32morg.springframework.boot.admin.SpringApplicationAdminMXBeanRegistrar$SpringApplicationAdmin[0;39m | Application shutdown requested.
2019-08-14 10:04:20 | [34mINFO [0;39m | [1;33mRMI TCP Connection(2)-127.0.0.1[0;39m | [1;32morg.springframework.scheduling.concurrent.ThreadPoolTaskExecutor[0;39m | Shutting down ExecutorService 'applicationTaskExecutor'
2019-08-14 10:18:02 | [34mINFO [0;39m | [1;33mrestartedMain[0;39m | [1;32mcom.htf.zdh.ZdhApplication[0;39m | Starting ZdhApplication on USER-20160327TR with PID 6548 (E:\workspace\zdh\target\classes started by Administrator in E:\workspace\zdh)
2019-08-14 10:18:02 | [34mINFO [0;39m | [1;33mrestartedMain[0;39m | [1;32mcom.htf.zdh.ZdhApplication[0;39m | No active profile set, falling back to default profiles: default
2019-08-14 10:18:02 | [34mINFO [0;39m | [1;33mrestartedMain[0;39m | [1;32morg.springframework.boot.devtools.env.DevToolsPropertyDefaultsPostProcessor[0;39m | Devtools property defaults active! Set 'spring.devtools.add-properties' to 'false' to disable
2019-08-14 10:18:02 | [34mINFO [0;39m | [1;33mrestartedMain[0;39m | [1;32morg.springframework.boot.devtools.env.DevToolsPropertyDefaultsPostProcessor[0;39m | For additional web related logging consider setting the 'logging.level.web' property to 'DEBUG'
2019-08-14 10:18:03 | [34mINFO [0;39m | [1;33mrestartedMain[0;39m | [1;32morg.springframework.boot.web.embedded.tomcat.TomcatWebServer[0;39m | Tomcat initialized with port(s): 8888 (http)
2019-08-14 10:18:03 | [34mINFO [0;39m | [1;33mrestartedMain[0;39m | [1;32morg.apache.coyote.http11.Http11NioProtocol[0;39m | Initializing ProtocolHandler ["http-nio-8888"]
2019-08-14 10:18:03 | [34mINFO [0;39m | [1;33mrestartedMain[0;39m | [1;32morg.apache.catalina.core.StandardService[0;39m | Starting service [Tomcat]
2019-08-14 10:18:03 | [34mINFO [0;39m | [1;33mrestartedMain[0;39m | [1;32morg.apache.catalina.core.StandardEngine[0;39m | Starting Servlet engine: [Apache Tomcat/9.0.17]
2019-08-14 10:18:03 | [34mINFO [0;39m | [1;33mrestartedMain[0;39m | [1;32morg.apache.catalina.core.ContainerBase.[Tomcat].[localhost].[/][0;39m | Initializing Spring embedded WebApplicationContext
2019-08-14 10:18:03 | [34mINFO [0;39m | [1;33mrestartedMain[0;39m | [1;32morg.springframework.web.context.ContextLoader[0;39m | Root WebApplicationContext: initialization completed in 1215 ms
2019-08-14 10:18:03 | [34mINFO [0;39m | [1;33mrestartedMain[0;39m | [1;32morg.springframework.scheduling.concurrent.ThreadPoolTaskExecutor[0;39m | Initializing ExecutorService 'applicationTaskExecutor'
2019-08-14 10:18:03 | [34mINFO [0;39m | [1;33mrestartedMain[0;39m | [1;32morg.springframework.boot.devtools.autoconfigure.OptionalLiveReloadServer[0;39m | LiveReload server is running on port 35729
2019-08-14 10:18:03 | [34mINFO [0;39m | [1;33mrestartedMain[0;39m | [1;32morg.apache.coyote.http11.Http11NioProtocol[0;39m | Starting ProtocolHandler ["http-nio-8888"]
2019-08-14 10:18:03 | [34mINFO [0;39m | [1;33mrestartedMain[0;39m | [1;32morg.springframework.boot.web.embedded.tomcat.TomcatWebServer[0;39m | Tomcat started on port(s): 8888 (http) with context path ''
2019-08-14 10:18:03 | [34mINFO [0;39m | [1;33mrestartedMain[0;39m | [1;32mcom.htf.zdh.ZdhApplication[0;39m | Started ZdhApplication in 2.082 seconds (JVM running for 2.822)
2019-08-14 10:18:35 | [34mINFO [0;39m | [1;33mhttp-nio-8888-exec-1[0;39m | [1;32morg.apache.catalina.core.ContainerBase.[Tomcat].[localhost].[/][0;39m | Initializing Spring DispatcherServlet 'dispatcherServlet'
2019-08-14 10:18:35 | [34mINFO [0;39m | [1;33mhttp-nio-8888-exec-1[0;39m | [1;32morg.springframework.web.servlet.DispatcherServlet[0;39m | Initializing Servlet 'dispatcherServlet'
2019-08-14 10:18:35 | [34mINFO [0;39m | [1;33mhttp-nio-8888-exec-1[0;39m | [1;32morg.springframework.web.servlet.DispatcherServlet[0;39m | Completed initialization in 6 ms
2019-08-14 10:18:53 | [34mINFO [0;39m | [1;33mhttp-nio-8888-exec-2[0;39m | [1;32mcom.htf.zdh.service.FileServiceImpl[0;39m | ‰∏ä‰º†ÊàêÂäü
2019-08-14 10:19:33 | [34mINFO [0;39m | [1;33mhttp-nio-8888-exec-4[0;39m | [1;32mcom.htf.zdh.service.FileServiceImpl[0;39m | ‰∏ä‰º†ÊàêÂäü
2019-08-14 10:23:04 | [34mINFO [0;39m | [1;33mThread-6[0;39m | [1;32morg.springframework.scheduling.concurrent.ThreadPoolTaskExecutor[0;39m | Shutting down ExecutorService 'applicationTaskExecutor'
2019-08-14 10:23:04 | [34mINFO [0;39m | [1;33mrestartedMain[0;39m | [1;32mcom.htf.zdh.ZdhApplication[0;39m | Starting ZdhApplication on USER-20160327TR with PID 6548 (E:\workspace\zdh\target\classes started by Administrator in E:\workspace\zdh)
2019-08-14 10:23:04 | [34mINFO [0;39m | [1;33mrestartedMain[0;39m | [1;32mcom.htf.zdh.ZdhApplication[0;39m | No active profile set, falling back to default profiles: default
2019-08-14 10:23:05 | [34mINFO [0;39m | [1;33mrestartedMain[0;39m | [1;32morg.springframework.boot.web.embedded.tomcat.TomcatWebServer[0;39m | Tomcat initialized with port(s): 8888 (http)
2019-08-14 10:23:05 | [34mINFO [0;39m | [1;33mrestartedMain[0;39m | [1;32morg.apache.coyote.http11.Http11NioProtocol[0;39m | Initializing ProtocolHandler ["http-nio-8888"]
2019-08-14 10:23:05 | [34mINFO [0;39m | [1;33mrestartedMain[0;39m | [1;32morg.apache.catalina.core.StandardService[0;39m | Starting service [Tomcat]
2019-08-14 10:23:05 | [34mINFO [0;39m | [1;33mrestartedMain[0;39m | [1;32morg.apache.catalina.core.StandardEngine[0;39m | Starting Servlet engine: [Apache Tomcat/9.0.17]
2019-08-14 10:23:05 | [34mINFO [0;39m | [1;33mrestartedMain[0;39m | [1;32morg.apache.catalina.core.ContainerBase.[Tomcat].[localhost].[/][0;39m | Initializing Spring embedded WebApplicationContext
2019-08-14 10:23:05 | [34mINFO [0;39m | [1;33mrestartedMain[0;39m | [1;32morg.springframework.web.context.ContextLoader[0;39m | Root WebApplicationContext: initialization completed in 257 ms
2019-08-14 10:23:05 | [34mINFO [0;39m | [1;33mrestartedMain[0;39m | [1;32morg.springframework.scheduling.concurrent.ThreadPoolTaskExecutor[0;39m | Initializing ExecutorService 'applicationTaskExecutor'
2019-08-14 10:23:05 | [34mINFO [0;39m | [1;33mrestartedMain[0;39m | [1;32morg.springframework.boot.devtools.autoconfigure.OptionalLiveReloadServer[0;39m | LiveReload server is running on port 35729
2019-08-14 10:23:05 | [34mINFO [0;39m | [1;33mrestartedMain[0;39m | [1;32morg.apache.coyote.http11.Http11NioProtocol[0;39m | Starting ProtocolHandler ["http-nio-8888"]
2019-08-14 10:23:05 | [34mINFO [0;39m | [1;33mrestartedMain[0;39m | [1;32morg.springframework.boot.web.embedded.tomcat.TomcatWebServer[0;39m | Tomcat started on port(s): 8888 (http) with context path ''
2019-08-14 10:23:05 | [34mINFO [0;39m | [1;33mrestartedMain[0;39m | [1;32mcom.htf.zdh.ZdhApplication[0;39m | Started ZdhApplication in 0.406 seconds (JVM running for 304.176)
2019-08-14 10:23:05 | [34mINFO [0;39m | [1;33mrestartedMain[0;39m | [1;32morg.springframework.boot.devtools.autoconfigure.ConditionEvaluationDeltaLoggingListener[0;39m | Condition evaluation unchanged
2019-08-14 10:23:25 | [34mINFO [0;39m | [1;33mThread-10[0;39m | [1;32morg.springframework.scheduling.concurrent.ThreadPoolTaskExecutor[0;39m | Shutting down ExecutorService 'applicationTaskExecutor'
2019-08-14 10:23:26 | [34mINFO [0;39m | [1;33mrestartedMain[0;39m | [1;32mcom.htf.zdh.ZdhApplication[0;39m | Starting ZdhApplication on USER-20160327TR with PID 6548 (E:\workspace\zdh\target\classes started by Administrator in E:\workspace\zdh)
2019-08-14 10:23:26 | [34mINFO [0;39m | [1;33mrestartedMain[0;39m | [1;32mcom.htf.zdh.ZdhApplication[0;39m | No active profile set, falling back to default profiles: default
2019-08-14 10:23:26 | [34mINFO [0;39m | [1;33mrestartedMain[0;39m | [1;32morg.springframework.boot.web.embedded.tomcat.TomcatWebServer[0;39m | Tomcat initialized with port(s): 8888 (http)
2019-08-14 10:23:26 | [34mINFO [0;39m | [1;33mrestartedMain[0;39m | [1;32morg.apache.coyote.http11.Http11NioProtocol[0;39m | Initializing ProtocolHandler ["http-nio-8888"]
2019-08-14 10:23:26 | [34mINFO [0;39m | [1;33mrestartedMain[0;39m | [1;32morg.apache.catalina.core.StandardService[0;39m | Starting service [Tomcat]
2019-08-14 10:23:26 | [34mINFO [0;39m | [1;33mrestartedMain[0;39m | [1;32morg.apache.catalina.core.StandardEngine[0;39m | Starting Servlet engine: [Apache Tomcat/9.0.17]
2019-08-14 10:23:26 | [34mINFO [0;39m | [1;33mrestartedMain[0;39m | [1;32morg.apache.catalina.core.ContainerBase.[Tomcat].[localhost].[/][0;39m | Initializing Spring embedded WebApplicationContext
2019-08-14 10:23:26 | [34mINFO [0;39m | [1;33mrestartedMain[0;39m | [1;32morg.springframework.web.context.ContextLoader[0;39m | Root WebApplicationContext: initialization completed in 289 ms
2019-08-14 10:23:26 | [34mINFO [0;39m | [1;33mrestartedMain[0;39m | [1;32morg.springframework.scheduling.concurrent.ThreadPoolTaskExecutor[0;39m | Initializing ExecutorService 'applicationTaskExecutor'
2019-08-14 10:23:26 | [34mINFO [0;39m | [1;33mrestartedMain[0;39m | [1;32morg.springframework.boot.devtools.autoconfigure.OptionalLiveReloadServer[0;39m | LiveReload server is running on port 35729
2019-08-14 10:23:26 | [34mINFO [0;39m | [1;33mrestartedMain[0;39m | [1;32morg.apache.coyote.http11.Http11NioProtocol[0;39m | Starting ProtocolHandler ["http-nio-8888"]
2019-08-14 10:23:26 | [34mINFO [0;39m | [1;33mrestartedMain[0;39m | [1;32morg.springframework.boot.web.embedded.tomcat.TomcatWebServer[0;39m | Tomcat started on port(s): 8888 (http) with context path ''
2019-08-14 10:23:26 | [34mINFO [0;39m | [1;33mrestartedMain[0;39m | [1;32mcom.htf.zdh.ZdhApplication[0;39m | Started ZdhApplication in 0.435 seconds (JVM running for 325.713)
2019-08-14 10:23:26 | [34mINFO [0;39m | [1;33mrestartedMain[0;39m | [1;32morg.springframework.boot.devtools.autoconfigure.ConditionEvaluationDeltaLoggingListener[0;39m | Condition evaluation unchanged
2019-08-14 10:23:47 | [34mINFO [0;39m | [1;33mhttp-nio-8888-exec-1[0;39m | [1;32morg.apache.catalina.core.ContainerBase.[Tomcat].[localhost].[/][0;39m | Initializing Spring DispatcherServlet 'dispatcherServlet'
2019-08-14 10:23:47 | [34mINFO [0;39m | [1;33mhttp-nio-8888-exec-1[0;39m | [1;32morg.springframework.web.servlet.DispatcherServlet[0;39m | Initializing Servlet 'dispatcherServlet'
2019-08-14 10:23:47 | [34mINFO [0;39m | [1;33mhttp-nio-8888-exec-1[0;39m | [1;32morg.springframework.web.servlet.DispatcherServlet[0;39m | Completed initialization in 5 ms
2019-08-14 10:23:48 | [34mINFO [0;39m | [1;33mhttp-nio-8888-exec-1[0;39m | [1;32mcom.htf.zdh.service.FileServiceImpl[0;39m | Êñá‰ª∂ÂéüÂêçÊòØÔºö867415_1635752_app_20190731_5d1b59f2-26d4-4f37-a0de-46b1993b3967.ipa
2019-08-14 10:23:49 | [34mINFO [0;39m | [1;33mhttp-nio-8888-exec-1[0;39m | [1;32mcom.htf.zdh.service.FileServiceImpl[0;39m | ‰∏ä‰º†ÊàêÂäü
2019-08-14 10:27:03 | [34mINFO [0;39m | [1;33mThread-16[0;39m | [1;32morg.springframework.scheduling.concurrent.ThreadPoolTaskExecutor[0;39m | Shutting down ExecutorService 'applicationTaskExecutor'
2019-08-14 10:27:03 | [34mINFO [0;39m | [1;33mrestartedMain[0;39m | [1;32mcom.htf.zdh.ZdhApplication[0;39m | Starting ZdhApplication on USER-20160327TR with PID 6548 (E:\workspace\zdh\target\classes started by Administrator in E:\workspace\zdh)
2019-08-14 10:27:03 | [34mINFO [0;39m | [1;33mrestartedMain[0;39m | [1;32mcom.htf.zdh.ZdhApplication[0;39m | No active profile set, falling back to default profiles: default
2019-08-14 10:27:03 | [34mINFO [0;39m | [1;33mrestartedMain[0;39m | [1;32morg.springframework.boot.web.embedded.tomcat.TomcatWebServer[0;39m | Tomcat initialized with port(s): 8888 (http)
2019-08-14 10:27:03 | [34mINFO [0;39m | [1;33mrestartedMain[0;39m | [1;32morg.apache.coyote.http11.Http11NioProtocol[0;39m | Initializing ProtocolHandler ["http-nio-8888"]
2019-08-14 10:27:03 | [34mINFO [0;39m | [1;33mrestartedMain[0;39m | [1;32morg.apache.catalina.core.StandardService[0;39m | Starting service [Tomcat]
2019-08-14 10:27:03 | [34mINFO [0;39m | [1;33mrestartedMain[0;39m | [1;32morg.apache.catalina.core.StandardEngine[0;39m | Starting Servlet engine: [Apache Tomcat/9.0.17]
2019-08-14 10:27:03 | [34mINFO [0;39m | [1;33mrestartedMain[0;39m | [1;32morg.apache.catalina.core.ContainerBase.[Tomcat].[localhost].[/][0;39m | Initializing Spring embedded WebApplicationContext
2019-08-14 10:27:03 | [34mINFO [0;39m | [1;33mrestartedMain[0;39m | [1;32morg.springframework.web.context.ContextLoader[0;39m | Root WebApplicationContext: initialization completed in 313 ms
2019-08-14 10:27:03 | [34mINFO [0;39m | [1;33mrestartedMain[0;39m | [1;32morg.springframework.scheduling.concurrent.ThreadPoolTaskExecutor[0;39m | Initializing ExecutorService 'applicationTaskExecutor'
2019-08-14 10:27:04 | [34mINFO [0;39m | [1;33mrestartedMain[0;39m | [1;32morg.springframework.boot.devtools.autoconfigure.OptionalLiveReloadServer[0;39m | LiveReload server is running on port 35729
2019-08-14 10:27:04 | [34mINFO [0;39m | [1;33mrestartedMain[0;39m | [1;32morg.apache.coyote.http11.Http11NioProtocol[0;39m | Starting ProtocolHandler ["http-nio-8888"]
2019-08-14 10:27:04 | [34mINFO [0;39m | [1;33mrestartedMain[0;39m | [1;32morg.springframework.boot.web.embedded.tomcat.TomcatWebServer[0;39m | Tomcat started on port(s): 8888 (http) with context path ''
2019-08-14 10:27:04 | [34mINFO [0;39m | [1;33mrestartedMain[0;39m | [1;32mcom.htf.zdh.ZdhApplication[0;39m | Started ZdhApplication in 0.489 seconds (JVM running for 543.025)
2019-08-14 10:27:04 | [34mINFO [0;39m | [1;33mrestartedMain[0;39m | [1;32morg.springframework.boot.devtools.autoconfigure.ConditionEvaluationDeltaLoggingListener[0;39m | Condition evaluation unchanged
2019-08-14 10:27:05 | [34mINFO [0;39m | [1;33mRMI TCP Connection(2)-127.0.0.1[0;39m | [1;32morg.springframework.boot.admin.SpringApplicationAdminMXBeanRegistrar$SpringApplicationAdmin[0;39m | Application shutdown requested.
2019-08-14 10:27:05 | [34mINFO [0;39m | [1;33mRMI TCP Connection(2)-127.0.0.1[0;39m | [1;32morg.springframework.scheduling.concurrent.ThreadPoolTaskExecutor[0;39m | Shutting down ExecutorService 'applicationTaskExecutor'
2019-08-14 10:39:22 | [34mINFO [0;39m | [1;33mrestartedMain[0;39m | [1;32mcom.htf.zdh.ZdhApplication[0;39m | Starting ZdhApplication on USER-20160327TR with PID 1332 (E:\workspace\zdh\target\classes started by Administrator in E:\workspace\zdh)
2019-08-14 10:39:22 | [34mINFO [0;39m | [1;33mrestartedMain[0;39m | [1;32mcom.htf.zdh.ZdhApplication[0;39m | No active profile set, falling back to default profiles: default
2019-08-14 10:39:22 | [34mINFO [0;39m | [1;33mrestartedMain[0;39m | [1;32morg.springframework.boot.devtools.env.DevToolsPropertyDefaultsPostProcessor[0;39m | Devtools property defaults active! Set 'spring.devtools.add-properties' to 'false' to disable
2019-08-14 10:39:22 | [34mINFO [0;39m | [1;33mrestartedMain[0;39m | [1;32morg.springframework.boot.devtools.env.DevToolsPropertyDefaultsPostProcessor[0;39m | For additional web related logging consider setting the 'logging.level.web' property to 'DEBUG'
2019-08-14 10:39:23 | [34mINFO [0;39m | [1;33mrestartedMain[0;39m | [1;32morg.springframework.boot.web.embedded.tomcat.TomcatWebServer[0;39m | Tomcat initialized with port(s): 8888 (http)
2019-08-14 10:39:23 | [34mINFO [0;39m | [1;33mrestartedMain[0;39m | [1;32morg.apache.coyote.http11.Http11NioProtocol[0;39m | Initializing ProtocolHandler ["http-nio-8888"]
2019-08-14 10:39:23 | [34mINFO [0;39m | [1;33mrestartedMain[0;39m | [1;32morg.apache.catalina.core.StandardService[0;39m | Starting service [Tomcat]
2019-08-14 10:39:23 | [34mINFO [0;39m | [1;33mrestartedMain[0;39m | [1;32morg.apache.catalina.core.StandardEngine[0;39m | Starting Servlet engine: [Apache Tomcat/9.0.17]
2019-08-14 10:39:23 | [34mINFO [0;39m | [1;33mrestartedMain[0;39m | [1;32morg.apache.catalina.core.ContainerBase.[Tomcat].[localhost].[/][0;39m | Initializing Spring embedded WebApplicationContext
2019-08-14 10:39:23 | [34mINFO [0;39m | [1;33mrestartedMain[0;39m | [1;32morg.springframework.web.context.ContextLoader[0;39m | Root WebApplicationContext: initialization completed in 1213 ms
2019-08-14 10:39:23 | [34mINFO [0;39m | [1;33mrestartedMain[0;39m | [1;32morg.springframework.scheduling.concurrent.ThreadPoolTaskExecutor[0;39m | Initializing ExecutorService 'applicationTaskExecutor'
2019-08-14 10:39:23 | [34mINFO [0;39m | [1;33mrestartedMain[0;39m | [1;32morg.springframework.boot.devtools.autoconfigure.OptionalLiveReloadServer[0;39m | LiveReload server is running on port 35729
2019-08-14 10:39:23 | [34mINFO [0;39m | [1;33mrestartedMain[0;39m | [1;32morg.apache.coyote.http11.Http11NioProtocol[0;39m | Starting ProtocolHandler ["http-nio-8888"]
2019-08-14 10:39:23 | [34mINFO [0;39m | [1;33mrestartedMain[0;39m | [1;32morg.springframework.boot.web.embedded.tomcat.TomcatWebServer[0;39m | Tomcat started on port(s): 8888 (http) with context path ''
2019-08-14 10:39:24 | [34mINFO [0;39m | [1;33mrestartedMain[0;39m | [1;32mcom.htf.zdh.ZdhApplication[0;39m | Started ZdhApplication in 2.09 seconds (JVM running for 2.827)
2019-08-14 10:39:52 | [34mINFO [0;39m | [1;33mhttp-nio-8888-exec-1[0;39m | [1;32morg.apache.catalina.core.ContainerBase.[Tomcat].[localhost].[/][0;39m | Initializing Spring DispatcherServlet 'dispatcherServlet'
2019-08-14 10:39:52 | [34mINFO [0;39m | [1;33mhttp-nio-8888-exec-1[0;39m | [1;32morg.springframework.web.servlet.DispatcherServlet[0;39m | Initializing Servlet 'dispatcherServlet'
2019-08-14 10:39:52 | [34mINFO [0;39m | [1;33mhttp-nio-8888-exec-1[0;39m | [1;32morg.springframework.web.servlet.DispatcherServlet[0;39m | Completed initialization in 5 ms
2019-08-14 10:39:54 | [34mINFO [0;39m | [1;33mhttp-nio-8888-exec-1[0;39m | [1;32mcom.htf.zdh.service.FileServiceImpl[0;39m | Êñá‰ª∂ÂéüÂêçÊòØÔºö867415_1635752_app_20190731_5d1b59f2-26d4-4f37-a0de-46b1993b3967.ipa
2019-08-14 10:40:50 | [34mINFO [0;39m | [1;33mThread-6[0;39m | [1;32morg.springframework.scheduling.concurrent.ThreadPoolTaskExecutor[0;39m | Shutting down ExecutorService 'applicationTaskExecutor'
2019-08-14 10:40:51 | [34mINFO [0;39m | [1;33mrestartedMain[0;39m | [1;32mcom.htf.zdh.ZdhApplication[0;39m | Starting ZdhApplication on USER-20160327TR with PID 1332 (E:\workspace\zdh\target\classes started by Administrator in E:\workspace\zdh)
2019-08-14 10:40:51 | [34mINFO [0;39m | [1;33mrestartedMain[0;39m | [1;32mcom.htf.zdh.ZdhApplication[0;39m | No active profile set, falling back to default profiles: default
2019-08-14 10:40:51 | [34mINFO [0;39m | [1;33mrestartedMain[0;39m | [1;32morg.springframework.boot.web.embedded.tomcat.TomcatWebServer[0;39m | Tomcat initialized with port(s): 8888 (http)
2019-08-14 10:40:51 | [34mINFO [0;39m | [1;33mrestartedMain[0;39m | [1;32morg.apache.coyote.http11.Http11NioProtocol[0;39m | Initializing ProtocolHandler ["http-nio-8888"]
2019-08-14 10:40:51 | [34mINFO [0;39m | [1;33mrestartedMain[0;39m | [1;32morg.apache.catalina.core.StandardService[0;39m | Starting service [Tomcat]
2019-08-14 10:40:51 | [34mINFO [0;39m | [1;33mrestartedMain[0;39m | [1;32morg.apache.catalina.core.StandardEngine[0;39m | Starting Servlet engine: [Apache Tomcat/9.0.17]
2019-08-14 10:40:51 | [34mINFO [0;39m | [1;33mrestartedMain[0;39m | [1;32morg.apache.catalina.core.ContainerBase.[Tomcat].[localhost].[/][0;39m | Initializing Spring embedded WebApplicationContext
2019-08-14 10:40:51 | [34mINFO [0;39m | [1;33mrestartedMain[0;39m | [1;32morg.springframework.web.context.ContextLoader[0;39m | Root WebApplicationContext: initialization completed in 261 ms
2019-08-14 10:40:51 | [34mINFO [0;39m | [1;33mrestartedMain[0;39m | [1;32morg.springframework.scheduling.concurrent.ThreadPoolTaskExecutor[0;39m | Initializing ExecutorService 'applicationTaskExecutor'
2019-08-14 10:40:51 | [34mINFO [0;39m | [1;33mrestartedMain[0;39m | [1;32morg.springframework.boot.devtools.autoconfigure.OptionalLiveReloadServer[0;39m | LiveReload server is running on port 35729
2019-08-14 10:40:51 | [34mINFO [0;39m | [1;33mrestartedMain[0;39m | [1;32morg.apache.coyote.http11.Http11NioProtocol[0;39m | Starting ProtocolHandler ["http-nio-8888"]
2019-08-14 10:40:51 | [34mINFO [0;39m | [1;33mrestartedMain[0;39m | [1;32morg.springframework.boot.web.embedded.tomcat.TomcatWebServer[0;39m | Tomcat started on port(s): 8888 (http) with context path ''
2019-08-14 10:40:51 | [34mINFO [0;39m | [1;33mrestartedMain[0;39m | [1;32mcom.htf.zdh.ZdhApplication[0;39m | Started ZdhApplication in 0.425 seconds (JVM running for 90.254)
2019-08-14 10:40:51 | [34mINFO [0;39m | [1;33mrestartedMain[0;39m | [1;32morg.springframework.boot.devtools.autoconfigure.ConditionEvaluationDeltaLoggingListener[0;39m | Condition evaluation unchanged
2019-08-14 10:41:05 | [34mINFO [0;39m | [1;33mhttp-nio-8888-exec-1[0;39m | [1;32morg.apache.catalina.core.ContainerBase.[Tomcat].[localhost].[/][0;39m | Initializing Spring DispatcherServlet 'dispatcherServlet'
2019-08-14 10:41:05 | [34mINFO [0;39m | [1;33mhttp-nio-8888-exec-1[0;39m | [1;32morg.springframework.web.servlet.DispatcherServlet[0;39m | Initializing Servlet 'dispatcherServlet'
2019-08-14 10:41:05 | [34mINFO [0;39m | [1;33mhttp-nio-8888-exec-1[0;39m | [1;32morg.springframework.web.servlet.DispatcherServlet[0;39m | Completed initialization in 14 ms
2019-08-14 10:41:07 | [34mINFO [0;39m | [1;33mhttp-nio-8888-exec-1[0;39m | [1;32mcom.htf.zdh.service.FileServiceImpl[0;39m | Êñá‰ª∂ÂéüÂêçÊòØÔºö867415_1635752_app_20190731_5d1b59f2-26d4-4f37-a0de-46b1993b3967.ipa
2019-08-14 10:41:08 | [34mINFO [0;39m | [1;33mhttp-nio-8888-exec-1[0;39m | [1;32mcom.htf.zdh.service.FileServiceImpl[0;39m | ‰∏ä‰º†ÊàêÂäü
2019-08-14 10:41:58 | [34mINFO [0;39m | [1;33mhttp-nio-8888-exec-2[0;39m | [1;32mcom.htf.zdh.service.FileServiceImpl[0;39m | Êñá‰ª∂ÂéüÂêçÊòØÔºö867415_1635752_app_20190731_5d1b59f2-26d4-4f37-a0de-46b1993b3967.ipa
2019-08-14 10:42:37 | [34mINFO [0;39m | [1;33mhttp-nio-8888-exec-3[0;39m | [1;32mcom.htf.zdh.service.FileServiceImpl[0;39m | Êñá‰ª∂ÂéüÂêçÊòØÔºö867415_1635752_app_20190723_96361ac3-d7ab-49f4-93a8-6817ce083974.apk
2019-08-14 10:42:58 | [34mINFO [0;39m | [1;33mhttp-nio-8888-exec-4[0;39m | [1;32mcom.htf.zdh.service.FileServiceImpl[0;39m | Êñá‰ª∂ÂéüÂêçÊòØÔºö867415_1635752_app_20190723_96361ac3-d7ab-49f4-93a8-6817ce083974.apk
2019-08-14 10:42:58 | [34mINFO [0;39m | [1;33mhttp-nio-8888-exec-4[0;39m | [1;32mcom.htf.zdh.service.FileServiceImpl[0;39m | ‰∏ä‰º†ÊàêÂäü
2019-08-14 10:43:02 | [34mINFO [0;39m | [1;33mhttp-nio-8888-exec-5[0;39m | [1;32mcom.htf.zdh.service.FileServiceImpl[0;39m | Êñá‰ª∂ÂéüÂêçÊòØÔºö867415_1635752_app_20190723_96361ac3-d7ab-49f4-93a8-6817ce083974.apk
2019-08-14 11:00:41 | [34mINFO [0;39m | [1;33mRMI TCP Connection(2)-127.0.0.1[0;39m | [1;32morg.springframework.boot.admin.SpringApplicationAdminMXBeanRegistrar$SpringApplicationAdmin[0;39m | Application shutdown requested.
2019-08-14 11:00:41 | [34mINFO [0;39m | [1;33mRMI TCP Connection(2)-127.0.0.1[0;39m | [1;32morg.springframework.scheduling.concurrent.ThreadPoolTaskExecutor[0;39m | Shutting down ExecutorService 'applicationTaskExecutor'
2019-08-14 11:13:18 | [34mINFO [0;39m | [1;33mmain[0;39m | [1;32mcom.htf.zdh.ZdhApplicationTests[0;39m | Starting ZdhApplicationTests on USER-20160327TR with PID 2684 (started by Administrator in E:\workspace\zdh)
2019-08-14 11:13:18 | [34mINFO [0;39m | [1;33mmain[0;39m | [1;32mcom.htf.zdh.ZdhApplicationTests[0;39m | No active profile set, falling back to default profiles: default
2019-08-14 11:13:21 | [34mINFO [0;39m | [1;33mmain[0;39m | [1;32morg.springframework.scheduling.concurrent.ThreadPoolTaskExecutor[0;39m | Initializing ExecutorService 'applicationTaskExecutor'
2019-08-14 11:13:21 | [34mINFO [0;39m | [1;33mmain[0;39m | [1;32mcom.htf.zdh.ZdhApplicationTests[0;39m | Started ZdhApplicationTests in 3.755 seconds (JVM running for 4.904)
2019-08-14 11:13:22 | [34mINFO [0;39m | [1;33mThread-3[0;39m | [1;32morg.springframework.scheduling.concurrent.ThreadPoolTaskExecutor[0;39m | Shutting down ExecutorService 'applicationTaskExecutor'
2019-08-14 12:43:14 | [34mINFO [0;39m | [1;33mmain[0;39m | [1;32mcom.htf.zdh.ZdhApplicationTests[0;39m | Starting ZdhApplicationTests on USER-20160327TR with PID 2120 (started by Administrator in E:\workspace\zdh)
2019-08-14 12:43:14 | [34mINFO [0;39m | [1;33mmain[0;39m | [1;32mcom.htf.zdh.ZdhApplicationTests[0;39m | No active profile set, falling back to default profiles: default
2019-08-14 12:43:16 | [34mINFO [0;39m | [1;33mmain[0;39m | [1;32morg.springframework.scheduling.concurrent.ThreadPoolTaskExecutor[0;39m | Initializing ExecutorService 'applicationTaskExecutor'
2019-08-14 12:43:17 | [34mINFO [0;39m | [1;33mmain[0;39m | [1;32mcom.htf.zdh.ZdhApplicationTests[0;39m | Started ZdhApplicationTests in 3.453 seconds (JVM running for 4.512)
2019-08-14 12:43:17 | [34mINFO [0;39m | [1;33mThread-3[0;39m | [1;32morg.springframework.scheduling.concurrent.ThreadPoolTaskExecutor[0;39m | Shutting down ExecutorService 'applicationTaskExecutor'
2019-08-14 12:43:32 | [34mINFO [0;39m | [1;33mmain[0;39m | [1;32mcom.htf.zdh.ZdhApplication[0;39m | Starting ZdhApplication v0.0.1-SNAPSHOT on USER-20160327TR with PID 2872 (E:\workspace\zdh\target\zdh-0.0.1-SNAPSHOT.jar started by Administrator in E:\workspace\zdh\target)
2019-08-14 12:43:32 | [34mINFO [0;39m | [1;33mmain[0;39m | [1;32mcom.htf.zdh.ZdhApplication[0;39m | No active profile set, falling back to default profiles: default
2019-08-14 12:43:34 | [34mINFO [0;39m | [1;33mmain[0;39m | [1;32morg.springframework.boot.web.embedded.tomcat.TomcatWebServer[0;39m | Tomcat initialized with port(s): 8888 (http)
2019-08-14 12:43:34 | [34mINFO [0;39m | [1;33mmain[0;39m | [1;32morg.apache.coyote.http11.Http11NioProtocol[0;39m | Initializing ProtocolHandler ["http-nio-8888"]
2019-08-14 12:43:34 | [34mINFO [0;39m | [1;33mmain[0;39m | [1;32morg.apache.catalina.core.StandardService[0;39m | Starting service [Tomcat]
2019-08-14 12:43:34 | [34mINFO [0;39m | [1;33mmain[0;39m | [1;32morg.apache.catalina.core.StandardEngine[0;39m | Starting Servlet engine: [Apache Tomcat/9.0.17]
2019-08-14 12:43:34 | [34mINFO [0;39m | [1;33mmain[0;39m | [1;32morg.apache.catalina.core.ContainerBase.[Tomcat].[localhost].[/][0;39m | Initializing Spring embedded WebApplicationContext
2019-08-14 12:43:34 | [34mINFO [0;39m | [1;33mmain[0;39m | [1;32morg.springframework.web.context.ContextLoader[0;39m | Root WebApplicationContext: initialization completed in 2421 ms
2019-08-14 12:43:34 | [34mINFO [0;39m | [1;33mmain[0;39m | [1;32morg.springframework.scheduling.concurrent.ThreadPoolTaskExecutor[0;39m | Initializing ExecutorService 'applicationTaskExecutor'
2019-08-14 12:43:35 | [34mINFO [0;39m | [1;33mmain[0;39m | [1;32morg.apache.coyote.http11.Http11NioProtocol[0;39m | Starting ProtocolHandler ["http-nio-8888"]
2019-08-14 12:43:35 | [34mINFO [0;39m | [1;33mmain[0;39m | [1;32morg.springframework.boot.web.embedded.tomcat.TomcatWebServer[0;39m | Tomcat started on port(s): 8888 (http) with context path ''
2019-08-14 12:43:35 | [34mINFO [0;39m | [1;33mmain[0;39m | [1;32mcom.htf.zdh.ZdhApplication[0;39m | Started ZdhApplication in 4.323 seconds (JVM running for 4.919)
2019-08-14 12:44:07 | [34mINFO [0;39m | [1;33mhttp-nio-8888-exec-1[0;39m | [1;32morg.apache.catalina.core.ContainerBase.[Tomcat].[localhost].[/][0;39m | Initializing Spring DispatcherServlet 'dispatcherServlet'
2019-08-14 12:44:07 | [34mINFO [0;39m | [1;33mhttp-nio-8888-exec-1[0;39m | [1;32morg.springframework.web.servlet.DispatcherServlet[0;39m | Initializing Servlet 'dispatcherServlet'
2019-08-14 12:44:07 | [34mINFO [0;39m | [1;33mhttp-nio-8888-exec-1[0;39m | [1;32morg.springframework.web.servlet.DispatcherServlet[0;39m | Completed initialization in 7 ms
2019-08-14 12:44:09 | [34mINFO [0;39m | [1;33mhttp-nio-8888-exec-1[0;39m | [1;32mcom.htf.zdh.service.FileServiceImpl[0;39m | Œƒº˛‘≠√˚ «£∫867415_1635752_app_20190723_96361ac3-d7ab-49f4-93a8-6817ce083974.apk
2019-08-14 12:44:19 | [34mINFO [0;39m | [1;33mThread-3[0;39m | [1;32morg.springframework.scheduling.concurrent.ThreadPoolTaskExecutor[0;39m | Shutting down ExecutorService 'applicationTaskExecutor'
2019-08-14 13:17:57 | [34mINFO [0;39m | [1;33mmain[0;39m | [1;32mcom.htf.zdh.ZdhApplicationTests[0;39m | Starting ZdhApplicationTests on USER-20160327TR with PID 4356 (started by Administrator in E:\workspace\zdh)
2019-08-14 13:17:57 | [34mINFO [0;39m | [1;33mmain[0;39m | [1;32mcom.htf.zdh.ZdhApplicationTests[0;39m | No active profile set, falling back to default profiles: default
2019-08-14 13:18:00 | [34mINFO [0;39m | [1;33mmain[0;39m | [1;32morg.springframework.scheduling.concurrent.ThreadPoolTaskExecutor[0;39m | Initializing ExecutorService 'applicationTaskExecutor'
2019-08-14 13:18:01 | [34mINFO [0;39m | [1;33mmain[0;39m | [1;32mcom.htf.zdh.ZdhApplicationTests[0;39m | Started ZdhApplicationTests in 3.818 seconds (JVM running for 4.891)
2019-08-14 13:18:01 | [34mINFO [0;39m | [1;33mThread-3[0;39m | [1;32morg.springframework.scheduling.concurrent.ThreadPoolTaskExecutor[0;39m | Shutting down ExecutorService 'applicationTaskExecutor'
2019-08-14 13:19:02 | [34mINFO [0;39m | [1;33mmain[0;39m | [1;32mcom.htf.zdh.ZdhApplication[0;39m | Starting ZdhApplication v0.0.1-SNAPSHOT on USER-20160327TR with PID 3012 (E:\workspace\zdh\target\zdh-0.0.1-SNAPSHOT.jar started by Administrator in E:\workspace\zdh\target)
2019-08-14 13:19:02 | [34mINFO [0;39m | [1;33mmain[0;39m | [1;32mcom.htf.zdh.ZdhApplication[0;39m | No active profile set, falling back to default profiles: default
2019-08-14 13:19:04 | [34mINFO [0;39m | [1;33mmain[0;39m | [1;32morg.springframework.boot.web.embedded.tomcat.TomcatWebServer[0;39m | Tomcat initialized with port(s): 8888 (http)
2019-08-14 13:19:04 | [34mINFO [0;39m | [1;33mmain[0;39m | [1;32morg.apache.coyote.http11.Http11NioProtocol[0;39m | Initializing ProtocolHandler ["http-nio-8888"]
2019-08-14 13:19:04 | [34mINFO [0;39m | [1;33mmain[0;39m | [1;32morg.apache.catalina.core.StandardService[0;39m | Starting service [Tomcat]
2019-08-14 13:19:04 | [34mINFO [0;39m | [1;33mmain[0;39m | [1;32morg.apache.catalina.core.StandardEngine[0;39m | Starting Servlet engine: [Apache Tomcat/9.0.17]
2019-08-14 13:19:04 | [34mINFO [0;39m | [1;33mmain[0;39m | [1;32morg.apache.catalina.core.ContainerBase.[Tomcat].[localhost].[/][0;39m | Initializing Spring embedded WebApplicationContext
2019-08-14 13:19:04 | [34mINFO [0;39m | [1;33mmain[0;39m | [1;32morg.springframework.web.context.ContextLoader[0;39m | Root WebApplicationContext: initialization completed in 2367 ms
2019-08-14 13:19:05 | [34mINFO [0;39m | [1;33mmain[0;39m | [1;32morg.springframework.scheduling.concurrent.ThreadPoolTaskExecutor[0;39m | Initializing ExecutorService 'applicationTaskExecutor'
2019-08-14 13:19:05 | [34mINFO [0;39m | [1;33mmain[0;39m | [1;32morg.apache.coyote.http11.Http11NioProtocol[0;39m | Starting ProtocolHandler ["http-nio-8888"]
2019-08-14 13:19:05 | [34mINFO [0;39m | [1;33mmain[0;39m | [1;32morg.springframework.boot.web.embedded.tomcat.TomcatWebServer[0;39m | Tomcat started on port(s): 8888 (http) with context path ''
2019-08-14 13:19:05 | [34mINFO [0;39m | [1;33mmain[0;39m | [1;32mcom.htf.zdh.ZdhApplication[0;39m | Started ZdhApplication in 4.218 seconds (JVM running for 4.802)
2019-08-14 13:19:09 | [34mINFO [0;39m | [1;33mhttp-nio-8888-exec-1[0;39m | [1;32morg.apache.catalina.core.ContainerBase.[Tomcat].[localhost].[/][0;39m | Initializing Spring DispatcherServlet 'dispatcherServlet'
2019-08-14 13:19:09 | [34mINFO [0;39m | [1;33mhttp-nio-8888-exec-1[0;39m | [1;32morg.springframework.web.servlet.DispatcherServlet[0;39m | Initializing Servlet 'dispatcherServlet'
2019-08-14 13:19:09 | [34mINFO [0;39m | [1;33mhttp-nio-8888-exec-1[0;39m | [1;32morg.springframework.web.servlet.DispatcherServlet[0;39m | Completed initialization in 6 ms
2019-08-14 13:19:10 | [34mINFO [0;39m | [1;33mhttp-nio-8888-exec-1[0;39m | [1;32mcom.htf.zdh.service.FileServiceImpl[0;39m | Œƒº˛‘≠√˚ «£∫867415_1635752_app_20190723_96361ac3-d7ab-49f4-93a8-6817ce083974.apk
2019-08-14 13:19:13 | [34mINFO [0;39m | [1;33mhttp-nio-8888-exec-2[0;39m | [1;32mcom.htf.zdh.service.FileServiceImpl[0;39m | Œƒº˛‘≠√˚ «£∫867415_1635752_app_20190723_96361ac3-d7ab-49f4-93a8-6817ce083974.apk
2019-08-14 13:45:48 | [34mINFO [0;39m | [1;33mThread-3[0;39m | [1;32morg.springframework.scheduling.concurrent.ThreadPoolTaskExecutor[0;39m | Shutting down ExecutorService 'applicationTaskExecutor'
2019-08-14 14:02:24 | [34mINFO [0;39m | [1;33mmain[0;39m | [1;32mcom.htf.zdh.ZdhApplicationTests[0;39m | Starting ZdhApplicationTests on USER-20160327TR with PID 5364 (started by Administrator in E:\workspace\zdh)
2019-08-14 14:02:24 | [34mINFO [0;39m | [1;33mmain[0;39m | [1;32mcom.htf.zdh.ZdhApplicationTests[0;39m | No active profile set, falling back to default profiles: default
2019-08-14 14:02:27 | [34mINFO [0;39m | [1;33mmain[0;39m | [1;32morg.springframework.scheduling.concurrent.ThreadPoolTaskExecutor[0;39m | Initializing ExecutorService 'applicationTaskExecutor'
2019-08-14 14:02:27 | [34mINFO [0;39m | [1;33mmain[0;39m | [1;32mcom.htf.zdh.ZdhApplicationTests[0;39m | Started ZdhApplicationTests in 3.572 seconds (JVM running for 4.646)
2019-08-14 14:02:27 | [34mINFO [0;39m | [1;33mThread-3[0;39m | [1;32morg.springframework.scheduling.concurrent.ThreadPoolTaskExecutor[0;39m | Shutting down ExecutorService 'applicationTaskExecutor'
2019-08-14 14:02:44 | [34mINFO [0;39m | [1;33mmain[0;39m | [1;32mcom.htf.zdh.ZdhApplication[0;39m | Starting ZdhApplication v0.0.1-SNAPSHOT on USER-20160327TR with PID 4832 (E:\workspace\zdh\target\zdh-0.0.1-SNAPSHOT.jar started by Administrator in E:\workspace\zdh\target)
2019-08-14 14:02:44 | [34mINFO [0;39m | [1;33mmain[0;39m | [1;32mcom.htf.zdh.ZdhApplication[0;39m | No active profile set, falling back to default profiles: default
2019-08-14 14:02:46 | [34mINFO [0;39m | [1;33mmain[0;39m | [1;32morg.springframework.boot.web.embedded.tomcat.TomcatWebServer[0;39m | Tomcat initialized with port(s): 8888 (http)
2019-08-14 14:02:46 | [34mINFO [0;39m | [1;33mmain[0;39m | [1;32morg.apache.coyote.http11.Http11NioProtocol[0;39m | Initializing ProtocolHandler ["http-nio-8888"]
2019-08-14 14:02:46 | [34mINFO [0;39m | [1;33mmain[0;39m | [1;32morg.apache.catalina.core.StandardService[0;39m | Starting service [Tomcat]
2019-08-14 14:02:46 | [34mINFO [0;39m | [1;33mmain[0;39m | [1;32morg.apache.catalina.core.StandardEngine[0;39m | Starting Servlet engine: [Apache Tomcat/9.0.17]
2019-08-14 14:02:46 | [34mINFO [0;39m | [1;33mmain[0;39m | [1;32morg.apache.catalina.core.ContainerBase.[Tomcat].[localhost].[/][0;39m | Initializing Spring embedded WebApplicationContext
2019-08-14 14:02:46 | [34mINFO [0;39m | [1;33mmain[0;39m | [1;32morg.springframework.web.context.ContextLoader[0;39m | Root WebApplicationContext: initialization completed in 2388 ms
2019-08-14 14:02:47 | [34mINFO [0;39m | [1;33mmain[0;39m | [1;32morg.springframework.scheduling.concurrent.ThreadPoolTaskExecutor[0;39m | Initializing ExecutorService 'applicationTaskExecutor'
2019-08-14 14:02:47 | [34mINFO [0;39m | [1;33mmain[0;39m | [1;32morg.apache.coyote.http11.Http11NioProtocol[0;39m | Starting ProtocolHandler ["http-nio-8888"]
2019-08-14 14:02:47 | [34mINFO [0;39m | [1;33mmain[0;39m | [1;32morg.springframework.boot.web.embedded.tomcat.TomcatWebServer[0;39m | Tomcat started on port(s): 8888 (http) with context path ''
2019-08-14 14:02:47 | [34mINFO [0;39m | [1;33mmain[0;39m | [1;32mcom.htf.zdh.ZdhApplication[0;39m | Started ZdhApplication in 4.124 seconds (JVM running for 4.756)
2019-08-14 14:04:59 | [34mINFO [0;39m | [1;33mThread-3[0;39m | [1;32morg.springframework.scheduling.concurrent.ThreadPoolTaskExecutor[0;39m | Shutting down ExecutorService 'applicationTaskExecutor'
2019-08-14 14:05:17 | [34mINFO [0;39m | [1;33mmain[0;39m | [1;32mcom.htf.zdh.ZdhApplicationTests[0;39m | Starting ZdhApplicationTests on USER-20160327TR with PID 4396 (started by Administrator in E:\workspace\zdh)
2019-08-14 14:05:17 | [34mINFO [0;39m | [1;33mmain[0;39m | [1;32mcom.htf.zdh.ZdhApplicationTests[0;39m | No active profile set, falling back to default profiles: default
2019-08-14 14:05:20 | [34mINFO [0;39m | [1;33mmain[0;39m | [1;32morg.springframework.scheduling.concurrent.ThreadPoolTaskExecutor[0;39m | Initializing ExecutorService 'applicationTaskExecutor'
2019-08-14 14:05:20 | [34mINFO [0;39m | [1;33mmain[0;39m | [1;32mcom.htf.zdh.ZdhApplicationTests[0;39m | Started ZdhApplicationTests in 3.615 seconds (JVM running for 4.799)
2019-08-14 14:05:21 | [34mINFO [0;39m | [1;33mThread-3[0;39m | [1;32morg.springframework.scheduling.concurrent.ThreadPoolTaskExecutor[0;39m | Shutting down ExecutorService 'applicationTaskExecutor'
2019-08-14 14:05:40 | [34mINFO [0;39m | [1;33mmain[0;39m | [1;32mcom.htf.zdh.ZdhApplication[0;39m | Starting ZdhApplication v0.0.1-SNAPSHOT on USER-20160327TR with PID 4040 (E:\workspace\zdh\target\zdh-0.0.1-SNAPSHOT.jar started by Administrator in E:\workspace\zdh\target)
2019-08-14 14:05:40 | [34mINFO [0;39m | [1;33mmain[0;39m | [1;32mcom.htf.zdh.ZdhApplication[0;39m | No active profile set, falling back to default profiles: default
2019-08-14 14:05:43 | [34mINFO [0;39m | [1;33mmain[0;39m | [1;32morg.springframework.boot.web.embedded.tomcat.TomcatWebServer[0;39m | Tomcat initialized with port(s): 8888 (http)
2019-08-14 14:05:43 | [34mINFO [0;39m | [1;33mmain[0;39m | [1;32morg.apache.coyote.http11.Http11NioProtocol[0;39m | Initializing ProtocolHandler ["http-nio-8888"]
2019-08-14 14:05:43 | [34mINFO [0;39m | [1;33mmain[0;39m | [1;32morg.apache.catalina.core.StandardService[0;39m | Starting service [Tomcat]
2019-08-14 14:05:43 | [34mINFO [0;39m | [1;33mmain[0;39m | [1;32morg.apache.catalina.core.StandardEngine[0;39m | Starting Servlet engine: [Apache Tomcat/9.0.17]
2019-08-14 14:05:43 | [34mINFO [0;39m | [1;33mmain[0;39m | [1;32morg.apache.catalina.core.ContainerBase.[Tomcat].[localhost].[/][0;39m | Initializing Spring embedded WebApplicationContext
2019-08-14 14:05:43 | [34mINFO [0;39m | [1;33mmain[0;39m | [1;32morg.springframework.web.context.ContextLoader[0;39m | Root WebApplicationContext: initialization completed in 2375 ms
2019-08-14 14:05:43 | [34mINFO [0;39m | [1;33mmain[0;39m | [1;32morg.springframework.scheduling.concurrent.ThreadPoolTaskExecutor[0;39m | Initializing ExecutorService 'applicationTaskExecutor'
2019-08-14 14:05:44 | [34mINFO [0;39m | [1;33mmain[0;39m | [1;32morg.apache.coyote.http11.Http11NioProtocol[0;39m | Starting ProtocolHandler ["http-nio-8888"]
2019-08-14 14:05:44 | [34mINFO [0;39m | [1;33mmain[0;39m | [1;32morg.springframework.boot.web.embedded.tomcat.TomcatWebServer[0;39m | Tomcat started on port(s): 8888 (http) with context path ''
2019-08-14 14:05:44 | [34mINFO [0;39m | [1;33mmain[0;39m | [1;32mcom.htf.zdh.ZdhApplication[0;39m | Started ZdhApplication in 4.259 seconds (JVM running for 4.885)
2019-08-14 14:06:39 | [34mINFO [0;39m | [1;33mThread-3[0;39m | [1;32morg.springframework.scheduling.concurrent.ThreadPoolTaskExecutor[0;39m | Shutting down ExecutorService 'applicationTaskExecutor'
2019-08-14 14:20:10 | [34mINFO [0;39m | [1;33mrestartedMain[0;39m | [1;32mcom.htf.zdh.ZdhApplication[0;39m | Starting ZdhApplication on USER-20160327TR with PID 5936 (E:\workspace\zdh\target\classes started by Administrator in E:\workspace\zdh)
2019-08-14 14:20:10 | [34mINFO [0;39m | [1;33mrestartedMain[0;39m | [1;32mcom.htf.zdh.ZdhApplication[0;39m | No active profile set, falling back to default profiles: default
2019-08-14 14:20:10 | [34mINFO [0;39m | [1;33mrestartedMain[0;39m | [1;32morg.springframework.boot.devtools.env.DevToolsPropertyDefaultsPostProcessor[0;39m | Devtools property defaults active! Set 'spring.devtools.add-properties' to 'false' to disable
2019-08-14 14:20:10 | [34mINFO [0;39m | [1;33mrestartedMain[0;39m | [1;32morg.springframework.boot.devtools.env.DevToolsPropertyDefaultsPostProcessor[0;39m | For additional web related logging consider setting the 'logging.level.web' property to 'DEBUG'
2019-08-14 14:20:11 | [34mINFO [0;39m | [1;33mrestartedMain[0;39m | [1;32morg.springframework.boot.web.embedded.tomcat.TomcatWebServer[0;39m | Tomcat initialized with port(s): 8888 (http)
2019-08-14 14:20:11 | [34mINFO [0;39m | [1;33mrestartedMain[0;39m | [1;32morg.apache.coyote.http11.Http11NioProtocol[0;39m | Initializing ProtocolHandler ["http-nio-8888"]
2019-08-14 14:20:11 | [34mINFO [0;39m | [1;33mrestartedMain[0;39m | [1;32morg.apache.catalina.core.StandardService[0;39m | Starting service [Tomcat]
2019-08-14 14:20:11 | [34mINFO [0;39m | [1;33mrestartedMain[0;39m | [1;32morg.apache.catalina.core.StandardEngine[0;39m | Starting Servlet engine: [Apache Tomcat/9.0.17]
2019-08-14 14:20:11 | [34mINFO [0;39m | [1;33mrestartedMain[0;39m | [1;32morg.apache.catalina.core.ContainerBase.[Tomcat].[localhost].[/][0;39m | Initializing Spring embedded WebApplicationContext
2019-08-14 14:20:11 | [34mINFO [0;39m | [1;33mrestartedMain[0;39m | [1;32morg.springframework.web.context.ContextLoader[0;39m | Root WebApplicationContext: initialization completed in 1127 ms
2019-08-14 14:20:11 | [34mINFO [0;39m | [1;33mrestartedMain[0;39m | [1;32morg.springframework.scheduling.concurrent.ThreadPoolTaskExecutor[0;39m | Initializing ExecutorService 'applicationTaskExecutor'
2019-08-14 14:20:11 | [34mINFO [0;39m | [1;33mrestartedMain[0;39m | [1;32morg.springframework.boot.devtools.autoconfigure.OptionalLiveReloadServer[0;39m | LiveReload server is running on port 35729
2019-08-14 14:20:11 | [34mINFO [0;39m | [1;33mrestartedMain[0;39m | [1;32morg.apache.coyote.http11.Http11NioProtocol[0;39m | Starting ProtocolHandler ["http-nio-8888"]
2019-08-14 14:20:11 | [34mINFO [0;39m | [1;33mrestartedMain[0;39m | [1;32morg.springframework.boot.web.embedded.tomcat.TomcatWebServer[0;39m | Tomcat started on port(s): 8888 (http) with context path ''
2019-08-14 14:20:11 | [34mINFO [0;39m | [1;33mrestartedMain[0;39m | [1;32mcom.htf.zdh.ZdhApplication[0;39m | Started ZdhApplication in 1.964 seconds (JVM running for 2.703)
2019-08-14 14:20:36 | [34mINFO [0;39m | [1;33mhttp-nio-8888-exec-1[0;39m | [1;32morg.apache.catalina.core.ContainerBase.[Tomcat].[localhost].[/][0;39m | Initializing Spring DispatcherServlet 'dispatcherServlet'
2019-08-14 14:20:36 | [34mINFO [0;39m | [1;33mhttp-nio-8888-exec-1[0;39m | [1;32morg.springframework.web.servlet.DispatcherServlet[0;39m | Initializing Servlet 'dispatcherServlet'
2019-08-14 14:20:36 | [34mINFO [0;39m | [1;33mhttp-nio-8888-exec-1[0;39m | [1;32morg.springframework.web.servlet.DispatcherServlet[0;39m | Completed initialization in 8 ms
2019-08-14 14:20:37 | [34mINFO [0;39m | [1;33mhttp-nio-8888-exec-1[0;39m | [1;32mcom.htf.zdh.service.FileServiceImpl[0;39m | ÂΩìÂâçÁéØÂ¢ÉÊòØÔºönull
2019-08-14 14:20:37 | [34mINFO [0;39m | [1;33mhttp-nio-8888-exec-1[0;39m | [1;32mcom.htf.zdh.service.FileServiceImpl[0;39m | Êñá‰ª∂ÂéüÂêçÊòØÔºö867415_1635752_app_20190723_96361ac3-d7ab-49f4-93a8-6817ce083974.apk
2019-08-14 14:22:40 | [34mINFO [0;39m | [1;33mRMI TCP Connection(2)-127.0.0.1[0;39m | [1;32morg.springframework.boot.admin.SpringApplicationAdminMXBeanRegistrar$SpringApplicationAdmin[0;39m | Application shutdown requested.
2019-08-14 14:22:40 | [34mINFO [0;39m | [1;33mRMI TCP Connection(2)-127.0.0.1[0;39m | [1;32morg.springframework.scheduling.concurrent.ThreadPoolTaskExecutor[0;39m | Shutting down ExecutorService 'applicationTaskExecutor'
