2019-08-13 16:41:51 | [34mINFO [0;39m | [1;33mmain[0;39m | [1;32mcom.htf.zdh.ZdhApplication[0;39m | Starting ZdhApplication v0.0.1-SNAPSHOT on USER-20160327TR with PID 6768 (E:\workspace\zdh\target\zdh-0.0.1-SNAPSHOT.jar started by Administrator in E:\workspace\zdh\target)
2019-08-13 16:41:51 | [34mINFO [0;39m | [1;33mmain[0;39m | [1;32mcom.htf.zdh.ZdhApplication[0;39m | No active profile set, falling back to default profiles: default
2019-08-13 16:41:53 | [34mINFO [0;39m | [1;33mmain[0;39m | [1;32morg.springframework.boot.web.embedded.tomcat.TomcatWebServer[0;39m | Tomcat initialized with port(s): 8888 (http)
2019-08-13 16:41:54 | [34mINFO [0;39m | [1;33mmain[0;39m | [1;32morg.apache.coyote.http11.Http11NioProtocol[0;39m | Initializing ProtocolHandler ["http-nio-8888"]
2019-08-13 16:41:54 | [34mINFO [0;39m | [1;33mmain[0;39m | [1;32morg.apache.catalina.core.StandardService[0;39m | Starting service [Tomcat]
2019-08-13 16:41:54 | [34mINFO [0;39m | [1;33mmain[0;39m | [1;32morg.apache.catalina.core.StandardEngine[0;39m | Starting Servlet engine: [Apache Tomcat/9.0.17]
2019-08-13 16:41:54 | [34mINFO [0;39m | [1;33mmain[0;39m | [1;32morg.apache.catalina.core.ContainerBase.[Tomcat].[localhost].[/][0;39m | Initializing Spring embedded WebApplicationContext
2019-08-13 16:41:54 | [34mINFO [0;39m | [1;33mmain[0;39m | [1;32morg.springframework.web.context.ContextLoader[0;39m | Root WebApplicationContext: initialization completed in 2330 ms
2019-08-13 16:41:54 | [34mINFO [0;39m | [1;33mmain[0;39m | [1;32morg.springframework.scheduling.concurrent.ThreadPoolTaskExecutor[0;39m | Initializing ExecutorService 'applicationTaskExecutor'
2019-08-13 16:41:54 | [34mINFO [0;39m | [1;33mmain[0;39m | [1;32morg.apache.coyote.http11.Http11NioProtocol[0;39m | Starting ProtocolHandler ["http-nio-8888"]
2019-08-13 16:41:55 | [34mINFO [0;39m | [1;33mmain[0;39m | [1;32morg.springframework.boot.web.embedded.tomcat.TomcatWebServer[0;39m | Tomcat started on port(s): 8888 (http) with context path ''
2019-08-13 16:41:55 | [34mINFO [0;39m | [1;33mmain[0;39m | [1;32mcom.htf.zdh.ZdhApplication[0;39m | Started ZdhApplication in 4.039 seconds (JVM running for 4.645)
2019-08-13 16:42:02 | [34mINFO [0;39m | [1;33mhttp-nio-8888-exec-3[0;39m | [1;32morg.apache.catalina.core.ContainerBase.[Tomcat].[localhost].[/][0;39m | Initializing Spring DispatcherServlet 'dispatcherServlet'
2019-08-13 16:42:02 | [34mINFO [0;39m | [1;33mhttp-nio-8888-exec-3[0;39m | [1;32morg.springframework.web.servlet.DispatcherServlet[0;39m | Initializing Servlet 'dispatcherServlet'
2019-08-13 16:42:02 | [34mINFO [0;39m | [1;33mhttp-nio-8888-exec-3[0;39m | [1;32morg.springframework.web.servlet.DispatcherServlet[0;39m | Completed initialization in 0 ms
2019-08-13 16:42:02 | [34mINFO [0;39m | [1;33mhttp-nio-8888-exec-3[0;39m | [1;32mcom.htf.zdh.controller.IDCardController[0;39m | infoº∂±»’÷æ
2019-08-13 16:43:04 | [34mINFO [0;39m | [1;33mThread-3[0;39m | [1;32morg.springframework.scheduling.concurrent.ThreadPoolTaskExecutor[0;39m | Shutting down ExecutorService 'applicationTaskExecutor'
2019-08-13 17:30:27 | [34mINFO [0;39m | [1;33mrestartedMain[0;39m | [1;32mcom.htf.zdh.ZdhApplication[0;39m | Starting ZdhApplication on USER-20160327TR with PID 7628 (E:\workspace\zdh\target\classes started by Administrator in E:\workspace\zdh)
2019-08-13 17:30:27 | [34mINFO [0;39m | [1;33mrestartedMain[0;39m | [1;32mcom.htf.zdh.ZdhApplication[0;39m | No active profile set, falling back to default profiles: default
2019-08-13 17:30:27 | [34mINFO [0;39m | [1;33mrestartedMain[0;39m | [1;32morg.springframework.boot.devtools.env.DevToolsPropertyDefaultsPostProcessor[0;39m | Devtools property defaults active! Set 'spring.devtools.add-properties' to 'false' to disable
2019-08-13 17:30:27 | [34mINFO [0;39m | [1;33mrestartedMain[0;39m | [1;32morg.springframework.boot.devtools.env.DevToolsPropertyDefaultsPostProcessor[0;39m | For additional web related logging consider setting the 'logging.level.web' property to 'DEBUG'
2019-08-13 17:30:28 | [34mINFO [0;39m | [1;33mrestartedMain[0;39m | [1;32morg.springframework.boot.web.embedded.tomcat.TomcatWebServer[0;39m | Tomcat initialized with port(s): 8888 (http)
2019-08-13 17:30:28 | [34mINFO [0;39m | [1;33mrestartedMain[0;39m | [1;32morg.apache.coyote.http11.Http11NioProtocol[0;39m | Initializing ProtocolHandler ["http-nio-8888"]
2019-08-13 17:30:28 | [34mINFO [0;39m | [1;33mrestartedMain[0;39m | [1;32morg.apache.catalina.core.StandardService[0;39m | Starting service [Tomcat]
2019-08-13 17:30:28 | [34mINFO [0;39m | [1;33mrestartedMain[0;39m | [1;32morg.apache.catalina.core.StandardEngine[0;39m | Starting Servlet engine: [Apache Tomcat/9.0.17]
2019-08-13 17:30:28 | [34mINFO [0;39m | [1;33mrestartedMain[0;39m | [1;32morg.apache.catalina.core.ContainerBase.[Tomcat].[localhost].[/][0;39m | Initializing Spring embedded WebApplicationContext
2019-08-13 17:30:28 | [34mINFO [0;39m | [1;33mrestartedMain[0;39m | [1;32morg.springframework.web.context.ContextLoader[0;39m | Root WebApplicationContext: initialization completed in 1346 ms
2019-08-13 17:30:29 | [34mINFO [0;39m | [1;33mrestartedMain[0;39m | [1;32morg.springframework.scheduling.concurrent.ThreadPoolTaskExecutor[0;39m | Initializing ExecutorService 'applicationTaskExecutor'
2019-08-13 17:30:29 | [34mINFO [0;39m | [1;33mrestartedMain[0;39m | [1;32morg.springframework.boot.devtools.autoconfigure.OptionalLiveReloadServer[0;39m | LiveReload server is running on port 35729
2019-08-13 17:30:29 | [34mINFO [0;39m | [1;33mrestartedMain[0;39m | [1;32morg.apache.coyote.http11.Http11NioProtocol[0;39m | Starting ProtocolHandler ["http-nio-8888"]
2019-08-13 17:30:29 | [34mINFO [0;39m | [1;33mrestartedMain[0;39m | [1;32morg.springframework.boot.web.embedded.tomcat.TomcatWebServer[0;39m | Tomcat started on port(s): 8888 (http) with context path ''
2019-08-13 17:30:29 | [34mINFO [0;39m | [1;33mrestartedMain[0;39m | [1;32mcom.htf.zdh.ZdhApplication[0;39m | Started ZdhApplication in 2.207 seconds (JVM running for 2.991)
2019-08-13 17:31:36 | [34mINFO [0;39m | [1;33mhttp-nio-8888-exec-1[0;39m | [1;32morg.apache.catalina.core.ContainerBase.[Tomcat].[localhost].[/][0;39m | Initializing Spring DispatcherServlet 'dispatcherServlet'
2019-08-13 17:31:36 | [34mINFO [0;39m | [1;33mhttp-nio-8888-exec-1[0;39m | [1;32morg.springframework.web.servlet.DispatcherServlet[0;39m | Initializing Servlet 'dispatcherServlet'
2019-08-13 17:31:36 | [34mINFO [0;39m | [1;33mhttp-nio-8888-exec-1[0;39m | [1;32morg.springframework.web.servlet.DispatcherServlet[0;39m | Completed initialization in 4 ms
2019-08-13 18:03:53 | [34mINFO [0;39m | [1;33mRMI TCP Connection(2)-127.0.0.1[0;39m | [1;32morg.springframework.boot.admin.SpringApplicationAdminMXBeanRegistrar$SpringApplicationAdmin[0;39m | Application shutdown requested.
2019-08-13 18:03:53 | [34mINFO [0;39m | [1;33mRMI TCP Connection(2)-127.0.0.1[0;39m | [1;32morg.springframework.scheduling.concurrent.ThreadPoolTaskExecutor[0;39m | Shutting down ExecutorService 'applicationTaskExecutor'
2019-08-13 18:25:16 | [34mINFO [0;39m | [1;33mrestartedMain[0;39m | [1;32mcom.htf.zdh.ZdhApplication[0;39m | Starting ZdhApplication on USER-20160327TR with PID 1404 (E:\workspace\zdh\target\classes started by Administrator in E:\workspace\zdh)
2019-08-13 18:25:16 | [34mINFO [0;39m | [1;33mrestartedMain[0;39m | [1;32mcom.htf.zdh.ZdhApplication[0;39m | No active profile set, falling back to default profiles: default
2019-08-13 18:25:16 | [34mINFO [0;39m | [1;33mrestartedMain[0;39m | [1;32morg.springframework.boot.devtools.env.DevToolsPropertyDefaultsPostProcessor[0;39m | Devtools property defaults active! Set 'spring.devtools.add-properties' to 'false' to disable
2019-08-13 18:25:16 | [34mINFO [0;39m | [1;33mrestartedMain[0;39m | [1;32morg.springframework.boot.devtools.env.DevToolsPropertyDefaultsPostProcessor[0;39m | For additional web related logging consider setting the 'logging.level.web' property to 'DEBUG'
2019-08-13 18:25:17 | [34mINFO [0;39m | [1;33mrestartedMain[0;39m | [1;32morg.springframework.boot.web.embedded.tomcat.TomcatWebServer[0;39m | Tomcat initialized with port(s): 8888 (http)
2019-08-13 18:25:17 | [34mINFO [0;39m | [1;33mrestartedMain[0;39m | [1;32morg.apache.coyote.http11.Http11NioProtocol[0;39m | Initializing ProtocolHandler ["http-nio-8888"]
2019-08-13 18:25:17 | [34mINFO [0;39m | [1;33mrestartedMain[0;39m | [1;32morg.apache.catalina.core.StandardService[0;39m | Starting service [Tomcat]
2019-08-13 18:25:17 | [34mINFO [0;39m | [1;33mrestartedMain[0;39m | [1;32morg.apache.catalina.core.StandardEngine[0;39m | Starting Servlet engine: [Apache Tomcat/9.0.17]
2019-08-13 18:25:17 | [34mINFO [0;39m | [1;33mrestartedMain[0;39m | [1;32morg.apache.catalina.core.ContainerBase.[Tomcat].[localhost].[/][0;39m | Initializing Spring embedded WebApplicationContext
2019-08-13 18:25:17 | [34mINFO [0;39m | [1;33mrestartedMain[0;39m | [1;32morg.springframework.web.context.ContextLoader[0;39m | Root WebApplicationContext: initialization completed in 1184 ms
2019-08-13 18:25:17 | [34mINFO [0;39m | [1;33mrestartedMain[0;39m | [1;32morg.springframework.scheduling.concurrent.ThreadPoolTaskExecutor[0;39m | Initializing ExecutorService 'applicationTaskExecutor'
2019-08-13 18:25:17 | [34mINFO [0;39m | [1;33mrestartedMain[0;39m | [1;32morg.springframework.boot.devtools.autoconfigure.OptionalLiveReloadServer[0;39m | LiveReload server is running on port 35729
2019-08-13 18:25:17 | [34mINFO [0;39m | [1;33mrestartedMain[0;39m | [1;32morg.apache.coyote.http11.Http11NioProtocol[0;39m | Starting ProtocolHandler ["http-nio-8888"]
2019-08-13 18:25:18 | [34mINFO [0;39m | [1;33mrestartedMain[0;39m | [1;32morg.springframework.boot.web.embedded.tomcat.TomcatWebServer[0;39m | Tomcat started on port(s): 8888 (http) with context path ''
2019-08-13 18:25:18 | [34mINFO [0;39m | [1;33mrestartedMain[0;39m | [1;32mcom.htf.zdh.ZdhApplication[0;39m | Started ZdhApplication in 2.064 seconds (JVM running for 2.814)
2019-08-13 18:25:36 | [34mINFO [0;39m | [1;33mhttp-nio-8888-exec-1[0;39m | [1;32morg.apache.catalina.core.ContainerBase.[Tomcat].[localhost].[/][0;39m | Initializing Spring DispatcherServlet 'dispatcherServlet'
2019-08-13 18:25:36 | [34mINFO [0;39m | [1;33mhttp-nio-8888-exec-1[0;39m | [1;32morg.springframework.web.servlet.DispatcherServlet[0;39m | Initializing Servlet 'dispatcherServlet'
2019-08-13 18:25:36 | [34mINFO [0;39m | [1;33mhttp-nio-8888-exec-1[0;39m | [1;32morg.springframework.web.servlet.DispatcherServlet[0;39m | Completed initialization in 6 ms
2019-08-13 18:27:56 | [34mINFO [0;39m | [1;33mThread-6[0;39m | [1;32morg.springframework.scheduling.concurrent.ThreadPoolTaskExecutor[0;39m | Shutting down ExecutorService 'applicationTaskExecutor'
2019-08-13 18:27:56 | [34mINFO [0;39m | [1;33mrestartedMain[0;39m | [1;32mcom.htf.zdh.ZdhApplication[0;39m | Starting ZdhApplication on USER-20160327TR with PID 1404 (E:\workspace\zdh\target\classes started by Administrator in E:\workspace\zdh)
2019-08-13 18:27:56 | [34mINFO [0;39m | [1;33mrestartedMain[0;39m | [1;32mcom.htf.zdh.ZdhApplication[0;39m | No active profile set, falling back to default profiles: default
2019-08-13 18:27:57 | [34mINFO [0;39m | [1;33mrestartedMain[0;39m | [1;32morg.springframework.boot.web.embedded.tomcat.TomcatWebServer[0;39m | Tomcat initialized with port(s): 8888 (http)
2019-08-13 18:27:57 | [34mINFO [0;39m | [1;33mrestartedMain[0;39m | [1;32morg.apache.coyote.http11.Http11NioProtocol[0;39m | Initializing ProtocolHandler ["http-nio-8888"]
2019-08-13 18:27:57 | [34mINFO [0;39m | [1;33mrestartedMain[0;39m | [1;32morg.apache.catalina.core.StandardService[0;39m | Starting service [Tomcat]
2019-08-13 18:27:57 | [34mINFO [0;39m | [1;33mrestartedMain[0;39m | [1;32morg.apache.catalina.core.StandardEngine[0;39m | Starting Servlet engine: [Apache Tomcat/9.0.17]
2019-08-13 18:27:57 | [34mINFO [0;39m | [1;33mrestartedMain[0;39m | [1;32morg.apache.catalina.core.ContainerBase.[Tomcat].[localhost].[/][0;39m | Initializing Spring embedded WebApplicationContext
2019-08-13 18:27:57 | [34mINFO [0;39m | [1;33mrestartedMain[0;39m | [1;32morg.springframework.web.context.ContextLoader[0;39m | Root WebApplicationContext: initialization completed in 303 ms
2019-08-13 18:27:57 | [34mINFO [0;39m | [1;33mrestartedMain[0;39m | [1;32morg.springframework.scheduling.concurrent.ThreadPoolTaskExecutor[0;39m | Initializing ExecutorService 'applicationTaskExecutor'
2019-08-13 18:27:57 | [34mINFO [0;39m | [1;33mrestartedMain[0;39m | [1;32morg.springframework.boot.devtools.autoconfigure.OptionalLiveReloadServer[0;39m | LiveReload server is running on port 35729
2019-08-13 18:27:57 | [34mINFO [0;39m | [1;33mrestartedMain[0;39m | [1;32morg.apache.coyote.http11.Http11NioProtocol[0;39m | Starting ProtocolHandler ["http-nio-8888"]
2019-08-13 18:27:57 | [34mINFO [0;39m | [1;33mrestartedMain[0;39m | [1;32morg.springframework.boot.web.embedded.tomcat.TomcatWebServer[0;39m | Tomcat started on port(s): 8888 (http) with context path ''
2019-08-13 18:27:57 | [34mINFO [0;39m | [1;33mrestartedMain[0;39m | [1;32mcom.htf.zdh.ZdhApplication[0;39m | Started ZdhApplication in 0.476 seconds (JVM running for 162.205)
2019-08-13 18:27:57 | [34mINFO [0;39m | [1;33mrestartedMain[0;39m | [1;32morg.springframework.boot.devtools.autoconfigure.ConditionEvaluationDeltaLoggingListener[0;39m | Condition evaluation unchanged
2019-08-13 18:27:59 | [34mINFO [0;39m | [1;33mRMI TCP Connection(2)-127.0.0.1[0;39m | [1;32morg.springframework.boot.admin.SpringApplicationAdminMXBeanRegistrar$SpringApplicationAdmin[0;39m | Application shutdown requested.
2019-08-13 18:27:59 | [34mINFO [0;39m | [1;33mRMI TCP Connection(2)-127.0.0.1[0;39m | [1;32morg.springframework.scheduling.concurrent.ThreadPoolTaskExecutor[0;39m | Shutting down ExecutorService 'applicationTaskExecutor'
2019-08-13 18:28:16 | [34mINFO [0;39m | [1;33mrestartedMain[0;39m | [1;32mcom.htf.zdh.ZdhApplication[0;39m | Starting ZdhApplication on USER-20160327TR with PID 7800 (E:\workspace\zdh\target\classes started by Administrator in E:\workspace\zdh)
2019-08-13 18:28:16 | [34mINFO [0;39m | [1;33mrestartedMain[0;39m | [1;32mcom.htf.zdh.ZdhApplication[0;39m | No active profile set, falling back to default profiles: default
2019-08-13 18:28:17 | [34mINFO [0;39m | [1;33mrestartedMain[0;39m | [1;32morg.springframework.boot.devtools.env.DevToolsPropertyDefaultsPostProcessor[0;39m | Devtools property defaults active! Set 'spring.devtools.add-properties' to 'false' to disable
2019-08-13 18:28:17 | [34mINFO [0;39m | [1;33mrestartedMain[0;39m | [1;32morg.springframework.boot.devtools.env.DevToolsPropertyDefaultsPostProcessor[0;39m | For additional web related logging consider setting the 'logging.level.web' property to 'DEBUG'
2019-08-13 18:28:18 | [34mINFO [0;39m | [1;33mrestartedMain[0;39m | [1;32morg.springframework.boot.web.embedded.tomcat.TomcatWebServer[0;39m | Tomcat initialized with port(s): 8888 (http)
2019-08-13 18:28:18 | [34mINFO [0;39m | [1;33mrestartedMain[0;39m | [1;32morg.apache.coyote.http11.Http11NioProtocol[0;39m | Initializing ProtocolHandler ["http-nio-8888"]
2019-08-13 18:28:18 | [34mINFO [0;39m | [1;33mrestartedMain[0;39m | [1;32morg.apache.catalina.core.StandardService[0;39m | Starting service [Tomcat]
2019-08-13 18:28:18 | [34mINFO [0;39m | [1;33mrestartedMain[0;39m | [1;32morg.apache.catalina.core.StandardEngine[0;39m | Starting Servlet engine: [Apache Tomcat/9.0.17]
2019-08-13 18:28:18 | [34mINFO [0;39m | [1;33mrestartedMain[0;39m | [1;32morg.apache.catalina.core.ContainerBase.[Tomcat].[localhost].[/][0;39m | Initializing Spring embedded WebApplicationContext
2019-08-13 18:28:18 | [34mINFO [0;39m | [1;33mrestartedMain[0;39m | [1;32morg.springframework.web.context.ContextLoader[0;39m | Root WebApplicationContext: initialization completed in 1161 ms
2019-08-13 18:28:18 | [34mINFO [0;39m | [1;33mrestartedMain[0;39m | [1;32morg.springframework.scheduling.concurrent.ThreadPoolTaskExecutor[0;39m | Initializing ExecutorService 'applicationTaskExecutor'
2019-08-13 18:28:18 | [34mINFO [0;39m | [1;33mrestartedMain[0;39m | [1;32morg.springframework.boot.devtools.autoconfigure.OptionalLiveReloadServer[0;39m | LiveReload server is running on port 35729
2019-08-13 18:28:18 | [34mINFO [0;39m | [1;33mrestartedMain[0;39m | [1;32morg.apache.coyote.http11.Http11NioProtocol[0;39m | Starting ProtocolHandler ["http-nio-8888"]
2019-08-13 18:28:18 | [34mINFO [0;39m | [1;33mrestartedMain[0;39m | [1;32morg.springframework.boot.web.embedded.tomcat.TomcatWebServer[0;39m | Tomcat started on port(s): 8888 (http) with context path ''
2019-08-13 18:28:18 | [34mINFO [0;39m | [1;33mrestartedMain[0;39m | [1;32mcom.htf.zdh.ZdhApplication[0;39m | Started ZdhApplication in 2.022 seconds (JVM running for 2.774)
2019-08-13 18:28:30 | [34mINFO [0;39m | [1;33mhttp-nio-8888-exec-1[0;39m | [1;32morg.apache.catalina.core.ContainerBase.[Tomcat].[localhost].[/][0;39m | Initializing Spring DispatcherServlet 'dispatcherServlet'
2019-08-13 18:28:30 | [34mINFO [0;39m | [1;33mhttp-nio-8888-exec-1[0;39m | [1;32morg.springframework.web.servlet.DispatcherServlet[0;39m | Initializing Servlet 'dispatcherServlet'
2019-08-13 18:28:30 | [34mINFO [0;39m | [1;33mhttp-nio-8888-exec-1[0;39m | [1;32morg.springframework.web.servlet.DispatcherServlet[0;39m | Completed initialization in 5 ms
2019-08-13 18:28:30 | [34mINFO [0;39m | [1;33mhttp-nio-8888-exec-1[0;39m | [1;32mcom.htf.zdh.service.FileServiceImpl[0;39m | Êñá‰ª∂Ë∑ØÂæÑC:\Users\Administrator\AppData\Local\Temp\tomcat-docbase.164757623992574111.8888\imgupload\
2019-08-13 18:32:22 | [34mINFO [0;39m | [1;33mThread-6[0;39m | [1;32morg.springframework.scheduling.concurrent.ThreadPoolTaskExecutor[0;39m | Shutting down ExecutorService 'applicationTaskExecutor'
2019-08-13 18:32:22 | [34mINFO [0;39m | [1;33mrestartedMain[0;39m | [1;32mcom.htf.zdh.ZdhApplication[0;39m | Starting ZdhApplication on USER-20160327TR with PID 7800 (E:\workspace\zdh\target\classes started by Administrator in E:\workspace\zdh)
2019-08-13 18:32:22 | [34mINFO [0;39m | [1;33mrestartedMain[0;39m | [1;32mcom.htf.zdh.ZdhApplication[0;39m | No active profile set, falling back to default profiles: default
2019-08-13 18:32:22 | [34mINFO [0;39m | [1;33mrestartedMain[0;39m | [1;32morg.springframework.boot.web.embedded.tomcat.TomcatWebServer[0;39m | Tomcat initialized with port(s): 8888 (http)
2019-08-13 18:32:22 | [34mINFO [0;39m | [1;33mrestartedMain[0;39m | [1;32morg.apache.coyote.http11.Http11NioProtocol[0;39m | Initializing ProtocolHandler ["http-nio-8888"]
2019-08-13 18:32:22 | [34mINFO [0;39m | [1;33mrestartedMain[0;39m | [1;32morg.apache.catalina.core.StandardService[0;39m | Starting service [Tomcat]
2019-08-13 18:32:22 | [34mINFO [0;39m | [1;33mrestartedMain[0;39m | [1;32morg.apache.catalina.core.StandardEngine[0;39m | Starting Servlet engine: [Apache Tomcat/9.0.17]
2019-08-13 18:32:22 | [34mINFO [0;39m | [1;33mrestartedMain[0;39m | [1;32morg.apache.catalina.core.ContainerBase.[Tomcat].[localhost].[/][0;39m | Initializing Spring embedded WebApplicationContext
2019-08-13 18:32:22 | [34mINFO [0;39m | [1;33mrestartedMain[0;39m | [1;32morg.springframework.web.context.ContextLoader[0;39m | Root WebApplicationContext: initialization completed in 315 ms
2019-08-13 18:32:23 | [34mINFO [0;39m | [1;33mrestartedMain[0;39m | [1;32morg.springframework.scheduling.concurrent.ThreadPoolTaskExecutor[0;39m | Initializing ExecutorService 'applicationTaskExecutor'
2019-08-13 18:32:23 | [34mINFO [0;39m | [1;33mrestartedMain[0;39m | [1;32morg.springframework.boot.devtools.autoconfigure.OptionalLiveReloadServer[0;39m | LiveReload server is running on port 35729
2019-08-13 18:32:23 | [34mINFO [0;39m | [1;33mrestartedMain[0;39m | [1;32morg.apache.coyote.http11.Http11NioProtocol[0;39m | Starting ProtocolHandler ["http-nio-8888"]
2019-08-13 18:32:23 | [34mINFO [0;39m | [1;33mrestartedMain[0;39m | [1;32morg.springframework.boot.web.embedded.tomcat.TomcatWebServer[0;39m | Tomcat started on port(s): 8888 (http) with context path ''
2019-08-13 18:32:23 | [34mINFO [0;39m | [1;33mrestartedMain[0;39m | [1;32mcom.htf.zdh.ZdhApplication[0;39m | Started ZdhApplication in 0.549 seconds (JVM running for 247.267)
2019-08-13 18:32:23 | [34mINFO [0;39m | [1;33mrestartedMain[0;39m | [1;32morg.springframework.boot.devtools.autoconfigure.ConditionEvaluationDeltaLoggingListener[0;39m | Condition evaluation unchanged
2019-08-13 18:32:24 | [34mINFO [0;39m | [1;33mRMI TCP Connection(2)-127.0.0.1[0;39m | [1;32morg.springframework.boot.admin.SpringApplicationAdminMXBeanRegistrar$SpringApplicationAdmin[0;39m | Application shutdown requested.
2019-08-13 18:32:24 | [34mINFO [0;39m | [1;33mRMI TCP Connection(2)-127.0.0.1[0;39m | [1;32morg.springframework.scheduling.concurrent.ThreadPoolTaskExecutor[0;39m | Shutting down ExecutorService 'applicationTaskExecutor'
2019-08-13 18:33:42 | [34mINFO [0;39m | [1;33mrestartedMain[0;39m | [1;32mcom.htf.zdh.ZdhApplication[0;39m | Starting ZdhApplication on USER-20160327TR with PID 6892 (E:\workspace\zdh\target\classes started by Administrator in E:\workspace\zdh)
2019-08-13 18:33:42 | [34mINFO [0;39m | [1;33mrestartedMain[0;39m | [1;32mcom.htf.zdh.ZdhApplication[0;39m | No active profile set, falling back to default profiles: default
2019-08-13 18:33:42 | [34mINFO [0;39m | [1;33mrestartedMain[0;39m | [1;32morg.springframework.boot.devtools.env.DevToolsPropertyDefaultsPostProcessor[0;39m | Devtools property defaults active! Set 'spring.devtools.add-properties' to 'false' to disable
2019-08-13 18:33:42 | [34mINFO [0;39m | [1;33mrestartedMain[0;39m | [1;32morg.springframework.boot.devtools.env.DevToolsPropertyDefaultsPostProcessor[0;39m | For additional web related logging consider setting the 'logging.level.web' property to 'DEBUG'
2019-08-13 18:33:43 | [34mINFO [0;39m | [1;33mrestartedMain[0;39m | [1;32morg.springframework.boot.web.embedded.tomcat.TomcatWebServer[0;39m | Tomcat initialized with port(s): 8888 (http)
2019-08-13 18:33:43 | [34mINFO [0;39m | [1;33mrestartedMain[0;39m | [1;32morg.apache.coyote.http11.Http11NioProtocol[0;39m | Initializing ProtocolHandler ["http-nio-8888"]
2019-08-13 18:33:43 | [34mINFO [0;39m | [1;33mrestartedMain[0;39m | [1;32morg.apache.catalina.core.StandardService[0;39m | Starting service [Tomcat]
2019-08-13 18:33:43 | [34mINFO [0;39m | [1;33mrestartedMain[0;39m | [1;32morg.apache.catalina.core.StandardEngine[0;39m | Starting Servlet engine: [Apache Tomcat/9.0.17]
2019-08-13 18:33:43 | [34mINFO [0;39m | [1;33mrestartedMain[0;39m | [1;32morg.apache.catalina.core.ContainerBase.[Tomcat].[localhost].[/][0;39m | Initializing Spring embedded WebApplicationContext
2019-08-13 18:33:43 | [34mINFO [0;39m | [1;33mrestartedMain[0;39m | [1;32morg.springframework.web.context.ContextLoader[0;39m | Root WebApplicationContext: initialization completed in 1157 ms
2019-08-13 18:33:44 | [34mINFO [0;39m | [1;33mrestartedMain[0;39m | [1;32morg.springframework.scheduling.concurrent.ThreadPoolTaskExecutor[0;39m | Initializing ExecutorService 'applicationTaskExecutor'
2019-08-13 18:33:44 | [34mINFO [0;39m | [1;33mrestartedMain[0;39m | [1;32morg.springframework.boot.devtools.autoconfigure.OptionalLiveReloadServer[0;39m | LiveReload server is running on port 35729
2019-08-13 18:33:44 | [34mINFO [0;39m | [1;33mrestartedMain[0;39m | [1;32morg.apache.coyote.http11.Http11NioProtocol[0;39m | Starting ProtocolHandler ["http-nio-8888"]
2019-08-13 18:33:44 | [34mINFO [0;39m | [1;33mrestartedMain[0;39m | [1;32morg.springframework.boot.web.embedded.tomcat.TomcatWebServer[0;39m | Tomcat started on port(s): 8888 (http) with context path ''
2019-08-13 18:33:44 | [34mINFO [0;39m | [1;33mrestartedMain[0;39m | [1;32mcom.htf.zdh.ZdhApplication[0;39m | Started ZdhApplication in 2.009 seconds (JVM running for 2.74)
2019-08-13 18:34:11 | [34mINFO [0;39m | [1;33mhttp-nio-8888-exec-1[0;39m | [1;32morg.apache.catalina.core.ContainerBase.[Tomcat].[localhost].[/][0;39m | Initializing Spring DispatcherServlet 'dispatcherServlet'
2019-08-13 18:34:11 | [34mINFO [0;39m | [1;33mhttp-nio-8888-exec-1[0;39m | [1;32morg.springframework.web.servlet.DispatcherServlet[0;39m | Initializing Servlet 'dispatcherServlet'
2019-08-13 18:34:11 | [34mINFO [0;39m | [1;33mhttp-nio-8888-exec-1[0;39m | [1;32morg.springframework.web.servlet.DispatcherServlet[0;39m | Completed initialization in 5 ms
2019-08-13 18:34:11 | [34mINFO [0;39m | [1;33mhttp-nio-8888-exec-1[0;39m | [1;32mcom.htf.zdh.service.FileServiceImpl[0;39m | Êñá‰ª∂Ë∑ØÂæÑF:/htf/upload1565692451630mockÊñπÊ°àÈÄâÂûã.docx
2019-08-13 18:38:29 | [34mINFO [0;39m | [1;33mThread-6[0;39m | [1;32morg.springframework.scheduling.concurrent.ThreadPoolTaskExecutor[0;39m | Shutting down ExecutorService 'applicationTaskExecutor'
2019-08-13 18:38:29 | [34mINFO [0;39m | [1;33mrestartedMain[0;39m | [1;32mcom.htf.zdh.ZdhApplication[0;39m | Starting ZdhApplication on USER-20160327TR with PID 6892 (E:\workspace\zdh\target\classes started by Administrator in E:\workspace\zdh)
2019-08-13 18:38:29 | [34mINFO [0;39m | [1;33mrestartedMain[0;39m | [1;32mcom.htf.zdh.ZdhApplication[0;39m | No active profile set, falling back to default profiles: default
2019-08-13 18:38:29 | [34mINFO [0;39m | [1;33mrestartedMain[0;39m | [1;32morg.springframework.boot.web.embedded.tomcat.TomcatWebServer[0;39m | Tomcat initialized with port(s): 8888 (http)
2019-08-13 18:38:29 | [34mINFO [0;39m | [1;33mrestartedMain[0;39m | [1;32morg.apache.coyote.http11.Http11NioProtocol[0;39m | Initializing ProtocolHandler ["http-nio-8888"]
2019-08-13 18:38:29 | [34mINFO [0;39m | [1;33mrestartedMain[0;39m | [1;32morg.apache.catalina.core.StandardService[0;39m | Starting service [Tomcat]
2019-08-13 18:38:29 | [34mINFO [0;39m | [1;33mrestartedMain[0;39m | [1;32morg.apache.catalina.core.StandardEngine[0;39m | Starting Servlet engine: [Apache Tomcat/9.0.17]
2019-08-13 18:38:29 | [34mINFO [0;39m | [1;33mrestartedMain[0;39m | [1;32morg.apache.catalina.core.ContainerBase.[Tomcat].[localhost].[/][0;39m | Initializing Spring embedded WebApplicationContext
2019-08-13 18:38:29 | [34mINFO [0;39m | [1;33mrestartedMain[0;39m | [1;32morg.springframework.web.context.ContextLoader[0;39m | Root WebApplicationContext: initialization completed in 322 ms
2019-08-13 18:38:30 | [34mINFO [0;39m | [1;33mrestartedMain[0;39m | [1;32morg.springframework.scheduling.concurrent.ThreadPoolTaskExecutor[0;39m | Initializing ExecutorService 'applicationTaskExecutor'
2019-08-13 18:38:30 | [34mINFO [0;39m | [1;33mrestartedMain[0;39m | [1;32morg.springframework.boot.devtools.autoconfigure.OptionalLiveReloadServer[0;39m | LiveReload server is running on port 35729
2019-08-13 18:38:30 | [34mINFO [0;39m | [1;33mrestartedMain[0;39m | [1;32morg.apache.coyote.http11.Http11NioProtocol[0;39m | Starting ProtocolHandler ["http-nio-8888"]
2019-08-13 18:38:30 | [34mINFO [0;39m | [1;33mrestartedMain[0;39m | [1;32morg.springframework.boot.web.embedded.tomcat.TomcatWebServer[0;39m | Tomcat started on port(s): 8888 (http) with context path ''
2019-08-13 18:38:30 | [34mINFO [0;39m | [1;33mrestartedMain[0;39m | [1;32mcom.htf.zdh.ZdhApplication[0;39m | Started ZdhApplication in 0.483 seconds (JVM running for 288.5)
2019-08-13 18:38:30 | [34mINFO [0;39m | [1;33mrestartedMain[0;39m | [1;32morg.springframework.boot.devtools.autoconfigure.ConditionEvaluationDeltaLoggingListener[0;39m | Condition evaluation unchanged
2019-08-13 18:38:32 | [34mINFO [0;39m | [1;33mRMI TCP Connection(2)-127.0.0.1[0;39m | [1;32morg.springframework.boot.admin.SpringApplicationAdminMXBeanRegistrar$SpringApplicationAdmin[0;39m | Application shutdown requested.
2019-08-13 18:38:33 | [34mINFO [0;39m | [1;33mRMI TCP Connection(2)-127.0.0.1[0;39m | [1;32morg.springframework.scheduling.concurrent.ThreadPoolTaskExecutor[0;39m | Shutting down ExecutorService 'applicationTaskExecutor'
2019-08-13 18:38:46 | [34mINFO [0;39m | [1;33mrestartedMain[0;39m | [1;32mcom.htf.zdh.ZdhApplication[0;39m | Starting ZdhApplication on USER-20160327TR with PID 6840 (E:\workspace\zdh\target\classes started by Administrator in E:\workspace\zdh)
2019-08-13 18:38:46 | [34mINFO [0;39m | [1;33mrestartedMain[0;39m | [1;32mcom.htf.zdh.ZdhApplication[0;39m | No active profile set, falling back to default profiles: default
2019-08-13 18:38:46 | [34mINFO [0;39m | [1;33mrestartedMain[0;39m | [1;32morg.springframework.boot.devtools.env.DevToolsPropertyDefaultsPostProcessor[0;39m | Devtools property defaults active! Set 'spring.devtools.add-properties' to 'false' to disable
2019-08-13 18:38:46 | [34mINFO [0;39m | [1;33mrestartedMain[0;39m | [1;32morg.springframework.boot.devtools.env.DevToolsPropertyDefaultsPostProcessor[0;39m | For additional web related logging consider setting the 'logging.level.web' property to 'DEBUG'
2019-08-13 18:38:47 | [34mINFO [0;39m | [1;33mrestartedMain[0;39m | [1;32morg.springframework.boot.web.embedded.tomcat.TomcatWebServer[0;39m | Tomcat initialized with port(s): 8888 (http)
2019-08-13 18:38:48 | [34mINFO [0;39m | [1;33mrestartedMain[0;39m | [1;32morg.apache.coyote.http11.Http11NioProtocol[0;39m | Initializing ProtocolHandler ["http-nio-8888"]
2019-08-13 18:38:48 | [34mINFO [0;39m | [1;33mrestartedMain[0;39m | [1;32morg.apache.catalina.core.StandardService[0;39m | Starting service [Tomcat]
2019-08-13 18:38:48 | [34mINFO [0;39m | [1;33mrestartedMain[0;39m | [1;32morg.apache.catalina.core.StandardEngine[0;39m | Starting Servlet engine: [Apache Tomcat/9.0.17]
2019-08-13 18:38:48 | [34mINFO [0;39m | [1;33mrestartedMain[0;39m | [1;32morg.apache.catalina.core.ContainerBase.[Tomcat].[localhost].[/][0;39m | Initializing Spring embedded WebApplicationContext
2019-08-13 18:38:48 | [34mINFO [0;39m | [1;33mrestartedMain[0;39m | [1;32morg.springframework.web.context.ContextLoader[0;39m | Root WebApplicationContext: initialization completed in 1162 ms
2019-08-13 18:38:48 | [34mINFO [0;39m | [1;33mrestartedMain[0;39m | [1;32morg.springframework.scheduling.concurrent.ThreadPoolTaskExecutor[0;39m | Initializing ExecutorService 'applicationTaskExecutor'
2019-08-13 18:38:48 | [34mINFO [0;39m | [1;33mrestartedMain[0;39m | [1;32morg.springframework.boot.devtools.autoconfigure.OptionalLiveReloadServer[0;39m | LiveReload server is running on port 35729
2019-08-13 18:38:48 | [34mINFO [0;39m | [1;33mrestartedMain[0;39m | [1;32morg.apache.coyote.http11.Http11NioProtocol[0;39m | Starting ProtocolHandler ["http-nio-8888"]
2019-08-13 18:38:48 | [34mINFO [0;39m | [1;33mrestartedMain[0;39m | [1;32morg.springframework.boot.web.embedded.tomcat.TomcatWebServer[0;39m | Tomcat started on port(s): 8888 (http) with context path ''
2019-08-13 18:38:48 | [34mINFO [0;39m | [1;33mrestartedMain[0;39m | [1;32mcom.htf.zdh.ZdhApplication[0;39m | Started ZdhApplication in 2.037 seconds (JVM running for 2.786)
2019-08-13 18:38:57 | [34mINFO [0;39m | [1;33mhttp-nio-8888-exec-1[0;39m | [1;32morg.apache.catalina.core.ContainerBase.[Tomcat].[localhost].[/][0;39m | Initializing Spring DispatcherServlet 'dispatcherServlet'
2019-08-13 18:38:57 | [34mINFO [0;39m | [1;33mhttp-nio-8888-exec-1[0;39m | [1;32morg.springframework.web.servlet.DispatcherServlet[0;39m | Initializing Servlet 'dispatcherServlet'
2019-08-13 18:38:57 | [34mINFO [0;39m | [1;33mhttp-nio-8888-exec-1[0;39m | [1;32morg.springframework.web.servlet.DispatcherServlet[0;39m | Completed initialization in 7 ms
2019-08-13 18:41:20 | [34mINFO [0;39m | [1;33mThread-6[0;39m | [1;32morg.springframework.scheduling.concurrent.ThreadPoolTaskExecutor[0;39m | Shutting down ExecutorService 'applicationTaskExecutor'
2019-08-13 18:41:20 | [34mINFO [0;39m | [1;33mrestartedMain[0;39m | [1;32mcom.htf.zdh.ZdhApplication[0;39m | Starting ZdhApplication on USER-20160327TR with PID 6840 (E:\workspace\zdh\target\classes started by Administrator in E:\workspace\zdh)
2019-08-13 18:41:20 | [34mINFO [0;39m | [1;33mrestartedMain[0;39m | [1;32mcom.htf.zdh.ZdhApplication[0;39m | No active profile set, falling back to default profiles: default
2019-08-13 18:41:20 | [34mINFO [0;39m | [1;33mrestartedMain[0;39m | [1;32morg.springframework.boot.web.embedded.tomcat.TomcatWebServer[0;39m | Tomcat initialized with port(s): 8888 (http)
2019-08-13 18:41:20 | [34mINFO [0;39m | [1;33mrestartedMain[0;39m | [1;32morg.apache.coyote.http11.Http11NioProtocol[0;39m | Initializing ProtocolHandler ["http-nio-8888"]
2019-08-13 18:41:20 | [34mINFO [0;39m | [1;33mrestartedMain[0;39m | [1;32morg.apache.catalina.core.StandardService[0;39m | Starting service [Tomcat]
2019-08-13 18:41:20 | [34mINFO [0;39m | [1;33mrestartedMain[0;39m | [1;32morg.apache.catalina.core.StandardEngine[0;39m | Starting Servlet engine: [Apache Tomcat/9.0.17]
2019-08-13 18:41:20 | [34mINFO [0;39m | [1;33mrestartedMain[0;39m | [1;32morg.apache.catalina.core.ContainerBase.[Tomcat].[localhost].[/][0;39m | Initializing Spring embedded WebApplicationContext
2019-08-13 18:41:20 | [34mINFO [0;39m | [1;33mrestartedMain[0;39m | [1;32morg.springframework.web.context.ContextLoader[0;39m | Root WebApplicationContext: initialization completed in 299 ms
2019-08-13 18:41:20 | [34mINFO [0;39m | [1;33mrestartedMain[0;39m | [1;32morg.springframework.scheduling.concurrent.ThreadPoolTaskExecutor[0;39m | Initializing ExecutorService 'applicationTaskExecutor'
2019-08-13 18:41:20 | [34mINFO [0;39m | [1;33mrestartedMain[0;39m | [1;32morg.springframework.boot.devtools.autoconfigure.OptionalLiveReloadServer[0;39m | LiveReload server is running on port 35729
2019-08-13 18:41:20 | [34mINFO [0;39m | [1;33mrestartedMain[0;39m | [1;32morg.apache.coyote.http11.Http11NioProtocol[0;39m | Starting ProtocolHandler ["http-nio-8888"]
2019-08-13 18:41:20 | [34mINFO [0;39m | [1;33mrestartedMain[0;39m | [1;32morg.springframework.boot.web.embedded.tomcat.TomcatWebServer[0;39m | Tomcat started on port(s): 8888 (http) with context path ''
2019-08-13 18:41:20 | [34mINFO [0;39m | [1;33mrestartedMain[0;39m | [1;32mcom.htf.zdh.ZdhApplication[0;39m | Started ZdhApplication in 0.514 seconds (JVM running for 155.176)
2019-08-13 18:41:20 | [34mINFO [0;39m | [1;33mrestartedMain[0;39m | [1;32morg.springframework.boot.devtools.autoconfigure.ConditionEvaluationDeltaLoggingListener[0;39m | Condition evaluation unchanged
2019-08-13 18:41:22 | [34mINFO [0;39m | [1;33mRMI TCP Connection(2)-127.0.0.1[0;39m | [1;32morg.springframework.boot.admin.SpringApplicationAdminMXBeanRegistrar$SpringApplicationAdmin[0;39m | Application shutdown requested.
2019-08-13 18:41:22 | [34mINFO [0;39m | [1;33mRMI TCP Connection(2)-127.0.0.1[0;39m | [1;32morg.springframework.scheduling.concurrent.ThreadPoolTaskExecutor[0;39m | Shutting down ExecutorService 'applicationTaskExecutor'
2019-08-13 18:46:24 | [34mINFO [0;39m | [1;33mrestartedMain[0;39m | [1;32mcom.htf.zdh.ZdhApplication[0;39m | Starting ZdhApplication on USER-20160327TR with PID 6040 (E:\workspace\zdh\target\classes started by Administrator in E:\workspace\zdh)
2019-08-13 18:46:24 | [34mINFO [0;39m | [1;33mrestartedMain[0;39m | [1;32mcom.htf.zdh.ZdhApplication[0;39m | No active profile set, falling back to default profiles: default
2019-08-13 18:46:24 | [34mINFO [0;39m | [1;33mrestartedMain[0;39m | [1;32morg.springframework.boot.devtools.env.DevToolsPropertyDefaultsPostProcessor[0;39m | Devtools property defaults active! Set 'spring.devtools.add-properties' to 'false' to disable
2019-08-13 18:46:24 | [34mINFO [0;39m | [1;33mrestartedMain[0;39m | [1;32morg.springframework.boot.devtools.env.DevToolsPropertyDefaultsPostProcessor[0;39m | For additional web related logging consider setting the 'logging.level.web' property to 'DEBUG'
2019-08-13 18:46:25 | [34mINFO [0;39m | [1;33mrestartedMain[0;39m | [1;32morg.springframework.boot.web.embedded.tomcat.TomcatWebServer[0;39m | Tomcat initialized with port(s): 8888 (http)
2019-08-13 18:46:25 | [34mINFO [0;39m | [1;33mrestartedMain[0;39m | [1;32morg.apache.coyote.http11.Http11NioProtocol[0;39m | Initializing ProtocolHandler ["http-nio-8888"]
2019-08-13 18:46:25 | [34mINFO [0;39m | [1;33mrestartedMain[0;39m | [1;32morg.apache.catalina.core.StandardService[0;39m | Starting service [Tomcat]
2019-08-13 18:46:25 | [34mINFO [0;39m | [1;33mrestartedMain[0;39m | [1;32morg.apache.catalina.core.StandardEngine[0;39m | Starting Servlet engine: [Apache Tomcat/9.0.17]
2019-08-13 18:46:25 | [34mINFO [0;39m | [1;33mrestartedMain[0;39m | [1;32morg.apache.catalina.core.ContainerBase.[Tomcat].[localhost].[/][0;39m | Initializing Spring embedded WebApplicationContext
2019-08-13 18:46:25 | [34mINFO [0;39m | [1;33mrestartedMain[0;39m | [1;32morg.springframework.web.context.ContextLoader[0;39m | Root WebApplicationContext: initialization completed in 1274 ms
2019-08-13 18:46:26 | [34mINFO [0;39m | [1;33mrestartedMain[0;39m | [1;32morg.springframework.scheduling.concurrent.ThreadPoolTaskExecutor[0;39m | Initializing ExecutorService 'applicationTaskExecutor'
2019-08-13 18:46:26 | [34mINFO [0;39m | [1;33mrestartedMain[0;39m | [1;32morg.springframework.boot.devtools.autoconfigure.OptionalLiveReloadServer[0;39m | LiveReload server is running on port 35729
2019-08-13 18:46:26 | [34mINFO [0;39m | [1;33mrestartedMain[0;39m | [1;32morg.apache.coyote.http11.Http11NioProtocol[0;39m | Starting ProtocolHandler ["http-nio-8888"]
2019-08-13 18:46:26 | [34mINFO [0;39m | [1;33mrestartedMain[0;39m | [1;32morg.springframework.boot.web.embedded.tomcat.TomcatWebServer[0;39m | Tomcat started on port(s): 8888 (http) with context path ''
2019-08-13 18:46:26 | [34mINFO [0;39m | [1;33mrestartedMain[0;39m | [1;32mcom.htf.zdh.ZdhApplication[0;39m | Started ZdhApplication in 2.135 seconds (JVM running for 2.872)
2019-08-13 18:46:32 | [34mINFO [0;39m | [1;33mhttp-nio-8888-exec-1[0;39m | [1;32morg.apache.catalina.core.ContainerBase.[Tomcat].[localhost].[/][0;39m | Initializing Spring DispatcherServlet 'dispatcherServlet'
2019-08-13 18:46:32 | [34mINFO [0;39m | [1;33mhttp-nio-8888-exec-1[0;39m | [1;32morg.springframework.web.servlet.DispatcherServlet[0;39m | Initializing Servlet 'dispatcherServlet'
2019-08-13 18:46:32 | [34mINFO [0;39m | [1;33mhttp-nio-8888-exec-1[0;39m | [1;32morg.springframework.web.servlet.DispatcherServlet[0;39m | Completed initialization in 5 ms
2019-08-13 18:46:32 | [34mINFO [0;39m | [1;33mhttp-nio-8888-exec-1[0;39m | [1;32mcom.htf.zdh.service.FileServiceImpl[0;39m | ‰∏ä‰º†ÊàêÂäü
2019-08-13 18:47:38 | [34mINFO [0;39m | [1;33mThread-6[0;39m | [1;32morg.springframework.scheduling.concurrent.ThreadPoolTaskExecutor[0;39m | Shutting down ExecutorService 'applicationTaskExecutor'
2019-08-13 18:47:39 | [34mINFO [0;39m | [1;33mrestartedMain[0;39m | [1;32mcom.htf.zdh.ZdhApplication[0;39m | Starting ZdhApplication on USER-20160327TR with PID 6040 (E:\workspace\zdh\target\classes started by Administrator in E:\workspace\zdh)
2019-08-13 18:47:39 | [34mINFO [0;39m | [1;33mrestartedMain[0;39m | [1;32mcom.htf.zdh.ZdhApplication[0;39m | No active profile set, falling back to default profiles: default
2019-08-13 18:47:39 | [34mINFO [0;39m | [1;33mrestartedMain[0;39m | [1;32morg.springframework.boot.web.embedded.tomcat.TomcatWebServer[0;39m | Tomcat initialized with port(s): 8888 (http)
2019-08-13 18:47:39 | [34mINFO [0;39m | [1;33mrestartedMain[0;39m | [1;32morg.apache.coyote.http11.Http11NioProtocol[0;39m | Initializing ProtocolHandler ["http-nio-8888"]
2019-08-13 18:47:39 | [34mINFO [0;39m | [1;33mrestartedMain[0;39m | [1;32morg.apache.catalina.core.StandardService[0;39m | Starting service [Tomcat]
2019-08-13 18:47:39 | [34mINFO [0;39m | [1;33mrestartedMain[0;39m | [1;32morg.apache.catalina.core.StandardEngine[0;39m | Starting Servlet engine: [Apache Tomcat/9.0.17]
2019-08-13 18:47:39 | [34mINFO [0;39m | [1;33mrestartedMain[0;39m | [1;32morg.apache.catalina.core.ContainerBase.[Tomcat].[localhost].[/][0;39m | Initializing Spring embedded WebApplicationContext
2019-08-13 18:47:39 | [34mINFO [0;39m | [1;33mrestartedMain[0;39m | [1;32morg.springframework.web.context.ContextLoader[0;39m | Root WebApplicationContext: initialization completed in 329 ms
2019-08-13 18:47:39 | [34mINFO [0;39m | [1;33mrestartedMain[0;39m | [1;32morg.springframework.scheduling.concurrent.ThreadPoolTaskExecutor[0;39m | Initializing ExecutorService 'applicationTaskExecutor'
2019-08-13 18:47:39 | [34mINFO [0;39m | [1;33mrestartedMain[0;39m | [1;32morg.springframework.boot.devtools.autoconfigure.OptionalLiveReloadServer[0;39m | LiveReload server is running on port 35729
2019-08-13 18:47:39 | [34mINFO [0;39m | [1;33mrestartedMain[0;39m | [1;32morg.apache.coyote.http11.Http11NioProtocol[0;39m | Starting ProtocolHandler ["http-nio-8888"]
2019-08-13 18:47:39 | [34mINFO [0;39m | [1;33mrestartedMain[0;39m | [1;32morg.springframework.boot.web.embedded.tomcat.TomcatWebServer[0;39m | Tomcat started on port(s): 8888 (http) with context path ''
2019-08-13 18:47:39 | [34mINFO [0;39m | [1;33mrestartedMain[0;39m | [1;32mcom.htf.zdh.ZdhApplication[0;39m | Started ZdhApplication in 0.489 seconds (JVM running for 76.06)
2019-08-13 18:47:39 | [34mINFO [0;39m | [1;33mrestartedMain[0;39m | [1;32morg.springframework.boot.devtools.autoconfigure.ConditionEvaluationDeltaLoggingListener[0;39m | Condition evaluation unchanged
2019-08-13 18:47:54 | [34mINFO [0;39m | [1;33mThread-10[0;39m | [1;32morg.springframework.scheduling.concurrent.ThreadPoolTaskExecutor[0;39m | Shutting down ExecutorService 'applicationTaskExecutor'
2019-08-13 18:47:54 | [34mINFO [0;39m | [1;33mrestartedMain[0;39m | [1;32mcom.htf.zdh.ZdhApplication[0;39m | Starting ZdhApplication on USER-20160327TR with PID 6040 (E:\workspace\zdh\target\classes started by Administrator in E:\workspace\zdh)
2019-08-13 18:47:54 | [34mINFO [0;39m | [1;33mrestartedMain[0;39m | [1;32mcom.htf.zdh.ZdhApplication[0;39m | No active profile set, falling back to default profiles: default
2019-08-13 18:47:54 | [34mINFO [0;39m | [1;33mrestartedMain[0;39m | [1;32morg.springframework.boot.web.embedded.tomcat.TomcatWebServer[0;39m | Tomcat initialized with port(s): 8888 (http)
2019-08-13 18:47:54 | [34mINFO [0;39m | [1;33mrestartedMain[0;39m | [1;32morg.apache.coyote.http11.Http11NioProtocol[0;39m | Initializing ProtocolHandler ["http-nio-8888"]
2019-08-13 18:47:54 | [34mINFO [0;39m | [1;33mrestartedMain[0;39m | [1;32morg.apache.catalina.core.StandardService[0;39m | Starting service [Tomcat]
2019-08-13 18:47:54 | [34mINFO [0;39m | [1;33mrestartedMain[0;39m | [1;32morg.apache.catalina.core.StandardEngine[0;39m | Starting Servlet engine: [Apache Tomcat/9.0.17]
2019-08-13 18:47:54 | [34mINFO [0;39m | [1;33mrestartedMain[0;39m | [1;32morg.apache.catalina.core.ContainerBase.[Tomcat].[localhost].[/][0;39m | Initializing Spring embedded WebApplicationContext
2019-08-13 18:47:54 | [34mINFO [0;39m | [1;33mrestartedMain[0;39m | [1;32morg.springframework.web.context.ContextLoader[0;39m | Root WebApplicationContext: initialization completed in 242 ms
2019-08-13 18:47:54 | [34mINFO [0;39m | [1;33mrestartedMain[0;39m | [1;32morg.springframework.scheduling.concurrent.ThreadPoolTaskExecutor[0;39m | Initializing ExecutorService 'applicationTaskExecutor'
2019-08-13 18:47:54 | [34mINFO [0;39m | [1;33mrestartedMain[0;39m | [1;32morg.springframework.boot.devtools.autoconfigure.OptionalLiveReloadServer[0;39m | LiveReload server is running on port 35729
2019-08-13 18:47:54 | [34mINFO [0;39m | [1;33mrestartedMain[0;39m | [1;32morg.apache.coyote.http11.Http11NioProtocol[0;39m | Starting ProtocolHandler ["http-nio-8888"]
2019-08-13 18:47:54 | [34mINFO [0;39m | [1;33mrestartedMain[0;39m | [1;32morg.springframework.boot.web.embedded.tomcat.TomcatWebServer[0;39m | Tomcat started on port(s): 8888 (http) with context path ''
2019-08-13 18:47:54 | [34mINFO [0;39m | [1;33mrestartedMain[0;39m | [1;32mcom.htf.zdh.ZdhApplication[0;39m | Started ZdhApplication in 0.388 seconds (JVM running for 91.43)
2019-08-13 18:47:54 | [34mINFO [0;39m | [1;33mrestartedMain[0;39m | [1;32morg.springframework.boot.devtools.autoconfigure.ConditionEvaluationDeltaLoggingListener[0;39m | Condition evaluation unchanged
2019-08-13 18:48:01 | [34mINFO [0;39m | [1;33mhttp-nio-8888-exec-1[0;39m | [1;32morg.apache.catalina.core.ContainerBase.[Tomcat].[localhost].[/][0;39m | Initializing Spring DispatcherServlet 'dispatcherServlet'
2019-08-13 18:48:01 | [34mINFO [0;39m | [1;33mhttp-nio-8888-exec-1[0;39m | [1;32morg.springframework.web.servlet.DispatcherServlet[0;39m | Initializing Servlet 'dispatcherServlet'
2019-08-13 18:48:01 | [34mINFO [0;39m | [1;33mhttp-nio-8888-exec-1[0;39m | [1;32morg.springframework.web.servlet.DispatcherServlet[0;39m | Completed initialization in 6 ms
2019-08-13 18:48:01 | [34mINFO [0;39m | [1;33mhttp-nio-8888-exec-1[0;39m | [1;32mcom.htf.zdh.service.FileServiceImpl[0;39m | Ë∑ØÂæÑÔºöF:\htf\uploadmockÊñπÊ°àÈÄâÂûã.docx
2019-08-13 18:48:01 | [34mINFO [0;39m | [1;33mhttp-nio-8888-exec-1[0;39m | [1;32mcom.htf.zdh.service.FileServiceImpl[0;39m | ‰∏ä‰º†ÊàêÂäü
2019-08-13 18:49:18 | [34mINFO [0;39m | [1;33mThread-16[0;39m | [1;32morg.springframework.scheduling.concurrent.ThreadPoolTaskExecutor[0;39m | Shutting down ExecutorService 'applicationTaskExecutor'
2019-08-13 18:49:18 | [34mINFO [0;39m | [1;33mrestartedMain[0;39m | [1;32mcom.htf.zdh.ZdhApplication[0;39m | Starting ZdhApplication on USER-20160327TR with PID 6040 (E:\workspace\zdh\target\classes started by Administrator in E:\workspace\zdh)
2019-08-13 18:49:18 | [34mINFO [0;39m | [1;33mrestartedMain[0;39m | [1;32mcom.htf.zdh.ZdhApplication[0;39m | No active profile set, falling back to default profiles: default
2019-08-13 18:49:19 | [34mINFO [0;39m | [1;33mrestartedMain[0;39m | [1;32morg.springframework.boot.web.embedded.tomcat.TomcatWebServer[0;39m | Tomcat initialized with port(s): 8888 (http)
2019-08-13 18:49:19 | [34mINFO [0;39m | [1;33mrestartedMain[0;39m | [1;32morg.apache.coyote.http11.Http11NioProtocol[0;39m | Initializing ProtocolHandler ["http-nio-8888"]
2019-08-13 18:49:19 | [34mINFO [0;39m | [1;33mrestartedMain[0;39m | [1;32morg.apache.catalina.core.StandardService[0;39m | Starting service [Tomcat]
2019-08-13 18:49:19 | [34mINFO [0;39m | [1;33mrestartedMain[0;39m | [1;32morg.apache.catalina.core.StandardEngine[0;39m | Starting Servlet engine: [Apache Tomcat/9.0.17]
2019-08-13 18:49:19 | [34mINFO [0;39m | [1;33mrestartedMain[0;39m | [1;32morg.apache.catalina.core.ContainerBase.[Tomcat].[localhost].[/][0;39m | Initializing Spring embedded WebApplicationContext
2019-08-13 18:49:19 | [34mINFO [0;39m | [1;33mrestartedMain[0;39m | [1;32morg.springframework.web.context.ContextLoader[0;39m | Root WebApplicationContext: initialization completed in 331 ms
2019-08-13 18:49:19 | [34mINFO [0;39m | [1;33mrestartedMain[0;39m | [1;32morg.springframework.scheduling.concurrent.ThreadPoolTaskExecutor[0;39m | Initializing ExecutorService 'applicationTaskExecutor'
2019-08-13 18:49:19 | [34mINFO [0;39m | [1;33mrestartedMain[0;39m | [1;32morg.springframework.boot.devtools.autoconfigure.OptionalLiveReloadServer[0;39m | LiveReload server is running on port 35729
2019-08-13 18:49:19 | [34mINFO [0;39m | [1;33mrestartedMain[0;39m | [1;32morg.apache.coyote.http11.Http11NioProtocol[0;39m | Starting ProtocolHandler ["http-nio-8888"]
2019-08-13 18:49:19 | [34mINFO [0;39m | [1;33mrestartedMain[0;39m | [1;32morg.springframework.boot.web.embedded.tomcat.TomcatWebServer[0;39m | Tomcat started on port(s): 8888 (http) with context path ''
2019-08-13 18:49:19 | [34mINFO [0;39m | [1;33mrestartedMain[0;39m | [1;32mcom.htf.zdh.ZdhApplication[0;39m | Started ZdhApplication in 0.481 seconds (JVM running for 175.866)
2019-08-13 18:49:19 | [34mINFO [0;39m | [1;33mrestartedMain[0;39m | [1;32morg.springframework.boot.devtools.autoconfigure.ConditionEvaluationDeltaLoggingListener[0;39m | Condition evaluation unchanged
2019-08-13 18:49:23 | [34mINFO [0;39m | [1;33mhttp-nio-8888-exec-1[0;39m | [1;32morg.apache.catalina.core.ContainerBase.[Tomcat].[localhost].[/][0;39m | Initializing Spring DispatcherServlet 'dispatcherServlet'
2019-08-13 18:49:23 | [34mINFO [0;39m | [1;33mhttp-nio-8888-exec-1[0;39m | [1;32morg.springframework.web.servlet.DispatcherServlet[0;39m | Initializing Servlet 'dispatcherServlet'
2019-08-13 18:49:23 | [34mINFO [0;39m | [1;33mhttp-nio-8888-exec-1[0;39m | [1;32morg.springframework.web.servlet.DispatcherServlet[0;39m | Completed initialization in 13 ms
2019-08-13 18:49:23 | [34mINFO [0;39m | [1;33mhttp-nio-8888-exec-1[0;39m | [1;32mcom.htf.zdh.service.FileServiceImpl[0;39m | Ë∑ØÂæÑÔºöF:\htf\upload\mockÊñπÊ°àÈÄâÂûã.docx
2019-08-13 18:49:23 | [34mINFO [0;39m | [1;33mhttp-nio-8888-exec-1[0;39m | [1;32mcom.htf.zdh.service.FileServiceImpl[0;39m | ‰∏ä‰º†ÊàêÂäü
2019-08-13 18:50:03 | [34mINFO [0;39m | [1;33mhttp-nio-8888-exec-2[0;39m | [1;32mcom.htf.zdh.service.FileServiceImpl[0;39m | Ë∑ØÂæÑÔºöF:\htf\upload\easy-mockÈÉ®ÁΩ≤ÈóÆÈ¢ò1.docx
2019-08-13 18:50:03 | [34mINFO [0;39m | [1;33mhttp-nio-8888-exec-2[0;39m | [1;32mcom.htf.zdh.service.FileServiceImpl[0;39m | ‰∏ä‰º†ÊàêÂäü
2019-08-13 18:52:29 | [34mINFO [0;39m | [1;33mRMI TCP Connection(2)-127.0.0.1[0;39m | [1;32morg.springframework.boot.admin.SpringApplicationAdminMXBeanRegistrar$SpringApplicationAdmin[0;39m | Application shutdown requested.
2019-08-13 18:52:29 | [34mINFO [0;39m | [1;33mRMI TCP Connection(2)-127.0.0.1[0;39m | [1;32morg.springframework.scheduling.concurrent.ThreadPoolTaskExecutor[0;39m | Shutting down ExecutorService 'applicationTaskExecutor'
